#! /c/Source/iverilog-install/bin/vvp
:ivl_version "12.0 (devel)" "(s20150603-1110-g18392a46)";
:ivl_delay_selection "TYPICAL";
:vpi_time_precision + 0;
:vpi_module "C:\iverilog\lib\ivl\system.vpi";
:vpi_module "C:\iverilog\lib\ivl\vhdl_sys.vpi";
:vpi_module "C:\iverilog\lib\ivl\vhdl_textio.vpi";
:vpi_module "C:\iverilog\lib\ivl\v2005_math.vpi";
:vpi_module "C:\iverilog\lib\ivl\va_math.vpi";
:vpi_module "C:\iverilog\lib\ivl\v2009.vpi";
S_000002096bcf6d40 .scope package, "$unit" "$unit" 2 1;
 .timescale 0 0;
enum000002096bd27700 .enum4 (3)
   "StateIdle" 3'b000,
   "StateLookupWindow" 3'b001,
   "StateLookupSprite" 3'b010,
   "StateClearColor" 3'b011,
   "StateDrawSprite" 3'b100,
   "StateOutput" 3'b101
 ;
S_000002096bcf6ed0 .scope module, "PPU" "PPU" 3 22;
 .timescale 0 0;
    .port_info 0 /INPUT 1 "i_clock";
    .port_info 1 /INPUT 1 "i_reset";
    .port_info 2 /INPUT 1 "i_enable";
    .port_info 3 /OUTPUT 1 "o_mem_read";
    .port_info 4 /OUTPUT 1 "o_mem_write";
    .port_info 5 /OUTPUT 32 "o_mem_address";
    .port_info 6 /INPUT 1 "i_mem_valid";
    .port_info 7 /INOUT 8 "io_mem_data";
    .port_info 8 /INPUT 1 "i_start_draw";
    .port_info 9 /OUTPUT 1 "o_finish_draw";
P_000002096bd9ce00 .param/l "TILE_SIZE" 0 3 34, +C4<00000000000000000000000000001010>;
o000002096bdb4798 .functor BUFZ 8, C4<zzzzzzzz>; HiZ drive
; Elide local net with no drivers, v000002096be19e30_0 name=_ivl_0
v000002096be196b0_0 .net *"_ivl_100", 15 0, L_000002096be21420;  1 drivers
v000002096be1a650_0 .net *"_ivl_102", 15 0, L_000002096be21d80;  1 drivers
L_000002096be249c0 .functor BUFT 1, C4<000000000000>, C4<0>, C4<0>, C4<0>;
v000002096be1a970_0 .net *"_ivl_105", 11 0, L_000002096be249c0;  1 drivers
v000002096be194d0_0 .net *"_ivl_108", 15 0, L_000002096be217e0;  1 drivers
L_000002096be24a08 .functor BUFT 1, C4<000000>, C4<0>, C4<0>, C4<0>;
v000002096be19a70_0 .net *"_ivl_111", 5 0, L_000002096be24a08;  1 drivers
v000002096be19bb0_0 .net *"_ivl_112", 15 0, L_000002096be20840;  1 drivers
v000002096be19d90_0 .net *"_ivl_114", 15 0, L_000002096be214c0;  1 drivers
L_000002096be24a50 .functor BUFT 1, C4<000000000000>, C4<0>, C4<0>, C4<0>;
v000002096be19750_0 .net *"_ivl_117", 11 0, L_000002096be24a50;  1 drivers
v000002096be1a010_0 .net *"_ivl_121", 0 0, L_000002096be21ba0;  1 drivers
v000002096be19890_0 .net *"_ivl_122", 31 0, L_000002096be21c40;  1 drivers
L_000002096be24a98 .functor BUFT 1, C4<0000000000000000>, C4<0>, C4<0>, C4<0>;
v000002096be1a0b0_0 .net *"_ivl_125", 15 0, L_000002096be24a98;  1 drivers
L_000002096be24ae0 .functor BUFT 1, C4<00000000000000000000000000000100>, C4<0>, C4<0>, C4<0>;
v000002096be1a6f0_0 .net/2u *"_ivl_126", 31 0, L_000002096be24ae0;  1 drivers
v000002096be197f0_0 .net *"_ivl_129", 31 0, L_000002096be21ec0;  1 drivers
v000002096be192f0_0 .net *"_ivl_130", 31 0, L_000002096be219c0;  1 drivers
L_000002096be24b28 .functor BUFT 1, C4<0000000000000000>, C4<0>, C4<0>, C4<0>;
v000002096be19930_0 .net *"_ivl_133", 15 0, L_000002096be24b28;  1 drivers
L_000002096be24b70 .functor BUFT 1, C4<00000000000000000000000000000100>, C4<0>, C4<0>, C4<0>;
v000002096be1cf90_0 .net/2u *"_ivl_134", 31 0, L_000002096be24b70;  1 drivers
v000002096be1be10_0 .net *"_ivl_136", 31 0, L_000002096be223c0;  1 drivers
v000002096be1c810_0 .net *"_ivl_138", 31 0, L_000002096be207a0;  1 drivers
v000002096be1b410_0 .net *"_ivl_142", 31 0, L_000002096be22640;  1 drivers
L_000002096be24bb8 .functor BUFT 1, C4<0000000000000000>, C4<0>, C4<0>, C4<0>;
v000002096be1c3b0_0 .net *"_ivl_145", 15 0, L_000002096be24bb8;  1 drivers
v000002096be1c9f0_0 .net *"_ivl_146", 31 0, L_000002096be21a60;  1 drivers
L_000002096be24c00 .functor BUFT 1, C4<0000000000000000>, C4<0>, C4<0>, C4<0>;
v000002096be1ba50_0 .net *"_ivl_149", 15 0, L_000002096be24c00;  1 drivers
v000002096be1c270_0 .net *"_ivl_151", 0 0, L_000002096be220a0;  1 drivers
v000002096be1cc70_0 .net *"_ivl_153", 7 0, L_000002096be22140;  1 drivers
v000002096be1cef0_0 .net *"_ivl_154", 31 0, L_000002096be22320;  1 drivers
L_000002096be24c48 .functor BUFT 1, C4<000000000000000000000000>, C4<0>, C4<0>, C4<0>;
v000002096be1b370_0 .net *"_ivl_157", 23 0, L_000002096be24c48;  1 drivers
L_000002096be24c90 .functor BUFT 1, C4<00000000000000000000000000000100>, C4<0>, C4<0>, C4<0>;
v000002096be1d7b0_0 .net/2u *"_ivl_158", 31 0, L_000002096be24c90;  1 drivers
v000002096be1cb30_0 .net *"_ivl_161", 31 0, L_000002096be208e0;  1 drivers
v000002096be1d170_0 .net *"_ivl_163", 7 0, L_000002096be20980;  1 drivers
v000002096be1b4b0_0 .net *"_ivl_164", 31 0, L_000002096be22500;  1 drivers
L_000002096be24cd8 .functor BUFT 1, C4<000000000000000000000000>, C4<0>, C4<0>, C4<0>;
v000002096be1c4f0_0 .net *"_ivl_167", 23 0, L_000002096be24cd8;  1 drivers
L_000002096be24d20 .functor BUFT 1, C4<00000000000000000000000000000100>, C4<0>, C4<0>, C4<0>;
v000002096be1c6d0_0 .net/2u *"_ivl_168", 31 0, L_000002096be24d20;  1 drivers
v000002096be1c770_0 .net *"_ivl_170", 31 0, L_000002096be20ac0;  1 drivers
v000002096be1cd10_0 .net *"_ivl_172", 31 0, L_000002096be226e0;  1 drivers
v000002096be1c590_0 .net *"_ivl_175", 31 0, L_000002096be22780;  1 drivers
v000002096be1d3f0_0 .net *"_ivl_179", 31 0, L_000002096be241c0;  1 drivers
v000002096be1c130_0 .net *"_ivl_24", 15 0, L_000002096be20ca0;  1 drivers
L_000002096be24858 .functor BUFT 1, C4<000000000000>, C4<0>, C4<0>, C4<0>;
v000002096be1d990_0 .net *"_ivl_27", 11 0, L_000002096be24858;  1 drivers
v000002096be1bcd0_0 .net *"_ivl_29", 15 0, L_000002096be21b00;  1 drivers
v000002096be1d0d0_0 .net *"_ivl_31", 15 0, L_000002096be21880;  1 drivers
v000002096be1d710_0 .net *"_ivl_32", 15 0, L_000002096be22820;  1 drivers
L_000002096be248a0 .functor BUFT 1, C4<000000000000>, C4<0>, C4<0>, C4<0>;
v000002096be1b9b0_0 .net *"_ivl_35", 11 0, L_000002096be248a0;  1 drivers
v000002096be1cdb0_0 .net *"_ivl_37", 15 0, L_000002096be22dc0;  1 drivers
v000002096be1c8b0_0 .net *"_ivl_39", 15 0, L_000002096be22460;  1 drivers
o000002096bdb5008 .functor BUFZ 8, C4<zzzzzzzz>; HiZ drive
; Elide local net with no drivers, v000002096be1b7d0_0 name=_ivl_4
v000002096be1ce50_0 .net *"_ivl_42", 15 0, L_000002096be221e0;  1 drivers
L_000002096be248e8 .functor BUFT 1, C4<000000000000>, C4<0>, C4<0>, C4<0>;
v000002096be1ca90_0 .net *"_ivl_45", 11 0, L_000002096be248e8;  1 drivers
v000002096be1b870_0 .net *"_ivl_47", 15 0, L_000002096be20d40;  1 drivers
v000002096be1d030_0 .net *"_ivl_49", 15 0, L_000002096be22280;  1 drivers
v000002096be1d8f0_0 .net *"_ivl_50", 15 0, L_000002096be20660;  1 drivers
L_000002096be24930 .functor BUFT 1, C4<000000000000>, C4<0>, C4<0>, C4<0>;
v000002096be1c310_0 .net *"_ivl_53", 11 0, L_000002096be24930;  1 drivers
v000002096be1b5f0_0 .net *"_ivl_55", 15 0, L_000002096be22960;  1 drivers
v000002096be1cbd0_0 .net *"_ivl_57", 15 0, L_000002096be21740;  1 drivers
v000002096be1c450_0 .net *"_ivl_61", 15 0, L_000002096be22aa0;  1 drivers
v000002096be1d210_0 .net *"_ivl_62", 15 0, L_000002096be20e80;  1 drivers
v000002096be1bf50_0 .net *"_ivl_65", 15 0, L_000002096be20de0;  1 drivers
v000002096be1baf0_0 .net *"_ivl_69", 15 0, L_000002096be20f20;  1 drivers
v000002096be1c1d0_0 .net *"_ivl_70", 15 0, L_000002096be21e20;  1 drivers
v000002096be1d670_0 .net *"_ivl_73", 15 0, L_000002096be21ce0;  1 drivers
v000002096be1c630_0 .net *"_ivl_77", 15 0, L_000002096be22000;  1 drivers
v000002096be1d850_0 .net *"_ivl_79", 15 0, L_000002096be20fc0;  1 drivers
v000002096be1d2b0_0 .net *"_ivl_81", 15 0, L_000002096be21100;  1 drivers
v000002096be1c950_0 .net *"_ivl_83", 15 0, L_000002096be225a0;  1 drivers
v000002096be1b230_0 .net *"_ivl_87", 15 0, L_000002096be22d20;  1 drivers
v000002096be1b690_0 .net *"_ivl_89", 15 0, L_000002096be20a20;  1 drivers
v000002096be1b910_0 .net *"_ivl_91", 15 0, L_000002096be22a00;  1 drivers
v000002096be1d350_0 .net *"_ivl_93", 15 0, L_000002096be20700;  1 drivers
v000002096be1d490_0 .net *"_ivl_96", 15 0, L_000002096be21380;  1 drivers
L_000002096be24978 .functor BUFT 1, C4<000000>, C4<0>, C4<0>, C4<0>;
v000002096be1d530_0 .net *"_ivl_99", 5 0, L_000002096be24978;  1 drivers
v000002096be1d5d0_0 .var "clear_color", 23 0;
v000002096be1b2d0_0 .var "clear_tiles", 0 0;
v000002096be1b550_0 .var "draw_sprite", 0 0;
v000002096be1b730_0 .var "get_color", 0 0;
o000002096bdb0ec8 .functor BUFZ 1, C4<z>; HiZ drive
v000002096be1bb90_0 .net "i_clock", 0 0, o000002096bdb0ec8;  0 drivers
o000002096bdb0f28 .functor BUFZ 1, C4<z>; HiZ drive
v000002096be1bc30_0 .net "i_enable", 0 0, o000002096bdb0f28;  0 drivers
v000002096be1bd70_0 .net "i_mem_data", 7 0, L_000002096be211a0;  1 drivers
o000002096bdb54e8 .functor BUFZ 1, C4<z>; HiZ drive
v000002096be1beb0_0 .net "i_mem_valid", 0 0, o000002096bdb54e8;  0 drivers
o000002096bdb5518 .functor BUFZ 1, C4<z>; HiZ drive
v000002096be1bff0_0 .net "i_reset", 0 0, o000002096bdb5518;  0 drivers
o000002096bdb5548 .functor BUFZ 1, C4<z>; HiZ drive
v000002096be1c090_0 .net "i_start_draw", 0 0, o000002096bdb5548;  0 drivers
v000002096be1eed0_0 .net "im_mem_offset_x", 15 0, L_000002096be21f60;  1 drivers
v000002096be1da30_0 .net "im_sprite_memory", 31 0, L_000002096be22fa0;  1 drivers
v000002096be1de90_0 .net "io_mem_data", 7 0, L_000002096be20c00;  1 drivers
v000002096be1dfd0_0 .net "j_hat", 15 0, L_000002096be22b40;  1 drivers
v000002096be1ef70_0 .net "k_hat", 15 0, L_000002096be212e0;  1 drivers
v000002096be1e070_0 .var "o_finish_draw", 0 0;
v000002096be1dc10_0 .var "o_mem_address", 31 0;
v000002096be1ea70_0 .var "o_mem_data", 7 0;
v000002096be1e7f0_0 .var "o_mem_read", 0 0;
v000002096be1e250_0 .var "o_mem_write", 0 0;
v000002096be1f010_0 .var "screen_x", 15 0;
v000002096be1e9d0_0 .var "screen_y", 15 0;
v000002096be1e110_0 .var "sprite", 159 0;
v000002096be1e930_0 .var "sprite_addresses", 31 0;
v000002096be1f0b0_0 .var "sprite_color", 31 0;
v000002096be1dd50_0 .net "sprite_memory", 31 0, L_000002096be23180;  1 drivers
v000002096be1dad0_0 .net "sprite_x", 15 0, L_000002096be216a0;  1 drivers
v000002096be1db70_0 .net "sprite_y", 15 0, L_000002096be21920;  1 drivers
v000002096be1e1b0_0 .var "state", 2 0;
v000002096be1e2f0_0 .var "sub_state", 3 0;
v000002096be1dcb0_0 .net "tile0x0_color", 23 0, L_000002096bd90d00;  1 drivers
L_000002096be24618 .functor BUFT 1, C4<0000000000>, C4<0>, C4<0>, C4<0>;
v000002096be1e390_0 .net "tile0x0_xpos", 9 0, L_000002096be24618;  1 drivers
L_000002096be24660 .functor BUFT 1, C4<0000000000>, C4<0>, C4<0>, C4<0>;
v000002096be1eb10_0 .net "tile0x0_ypos", 9 0, L_000002096be24660;  1 drivers
v000002096be1e430_0 .net "tile0x1_color", 23 0, L_000002096bd90fa0;  1 drivers
L_000002096be24738 .functor BUFT 1, C4<0000000000>, C4<0>, C4<0>, C4<0>;
v000002096be1ee30_0 .net "tile0x1_xpos", 9 0, L_000002096be24738;  1 drivers
L_000002096be24780 .functor BUFT 1, C4<0000001010>, C4<0>, C4<0>, C4<0>;
v000002096be1e610_0 .net "tile0x1_ypos", 9 0, L_000002096be24780;  1 drivers
v000002096be1ebb0_0 .net "tile1x0_color", 23 0, L_000002096bd91160;  1 drivers
L_000002096be246a8 .functor BUFT 1, C4<0000001010>, C4<0>, C4<0>, C4<0>;
v000002096be1e4d0_0 .net "tile1x0_xpos", 9 0, L_000002096be246a8;  1 drivers
L_000002096be246f0 .functor BUFT 1, C4<0000000000>, C4<0>, C4<0>, C4<0>;
v000002096be1e570_0 .net "tile1x0_ypos", 9 0, L_000002096be246f0;  1 drivers
v000002096be1e6b0_0 .net "tile1x1_color", 23 0, L_000002096be8a380;  1 drivers
L_000002096be247c8 .functor BUFT 1, C4<0000001010>, C4<0>, C4<0>, C4<0>;
v000002096be1e750_0 .net "tile1x1_xpos", 9 0, L_000002096be247c8;  1 drivers
L_000002096be24810 .functor BUFT 1, C4<0000001010>, C4<0>, C4<0>, C4<0>;
v000002096be1df30_0 .net "tile1x1_ypos", 9 0, L_000002096be24810;  1 drivers
v000002096be1e890_0 .var "tile_x_processing", 9 0;
v000002096be1ec50_0 .var "tile_y_processing", 9 0;
v000002096be1ecf0_0 .var "window", 95 0;
v000002096be1ed90_0 .net "window_j_hat", 15 0, L_000002096be21600;  1 drivers
v000002096be1ddf0_0 .net "window_k_hat", 15 0, L_000002096be21240;  1 drivers
v000002096be228c0_0 .net "window_offset_x", 15 0, L_000002096be22be0;  1 drivers
v000002096be20b60_0 .net "window_offset_y", 15 0, L_000002096be22c80;  1 drivers
v000002096be21560_0 .var "x_processing", 3 0;
v000002096be21060_0 .var "y_processing", 3 0;
E_000002096bd9bfc0 .event posedge, v000002096be1bff0_0, v000002096be0d4d0_0;
L_000002096be211a0 .functor MUXZ 8, o000002096bdb4798, L_000002096be20c00, v000002096be1e7f0_0, C4<>;
L_000002096be20c00 .functor MUXZ 8, o000002096bdb5008, v000002096be1ea70_0, v000002096be1e250_0, C4<>;
L_000002096be20ca0 .concat [ 4 12 0 0], v000002096be21560_0, L_000002096be24858;
L_000002096be21b00 .part v000002096be1e110_0, 80, 16;
L_000002096be21880 .arith/mult 16, L_000002096be20ca0, L_000002096be21b00;
L_000002096be22820 .concat [ 4 12 0 0], v000002096be21060_0, L_000002096be248a0;
L_000002096be22dc0 .part v000002096be1e110_0, 48, 16;
L_000002096be22460 .arith/mult 16, L_000002096be22820, L_000002096be22dc0;
L_000002096be22b40 .arith/sum 16, L_000002096be21880, L_000002096be22460;
L_000002096be221e0 .concat [ 4 12 0 0], v000002096be21560_0, L_000002096be248e8;
L_000002096be20d40 .part v000002096be1e110_0, 64, 16;
L_000002096be22280 .arith/mult 16, L_000002096be221e0, L_000002096be20d40;
L_000002096be20660 .concat [ 4 12 0 0], v000002096be21060_0, L_000002096be24930;
L_000002096be22960 .part v000002096be1e110_0, 32, 16;
L_000002096be21740 .arith/mult 16, L_000002096be20660, L_000002096be22960;
L_000002096be212e0 .arith/sum 16, L_000002096be22280, L_000002096be21740;
L_000002096be22aa0 .part v000002096be1e110_0, 112, 16;
L_000002096be20e80 .arith/sum 16, L_000002096be22b40, L_000002096be22aa0;
L_000002096be20de0 .part v000002096be1ecf0_0, 80, 16;
L_000002096be22be0 .arith/sub 16, L_000002096be20e80, L_000002096be20de0;
L_000002096be20f20 .part v000002096be1e110_0, 96, 16;
L_000002096be21e20 .arith/sum 16, L_000002096be212e0, L_000002096be20f20;
L_000002096be21ce0 .part v000002096be1ecf0_0, 64, 16;
L_000002096be22c80 .arith/sub 16, L_000002096be21e20, L_000002096be21ce0;
L_000002096be22000 .part v000002096be1ecf0_0, 48, 16;
L_000002096be20fc0 .arith/mult 16, L_000002096be22be0, L_000002096be22000;
L_000002096be21100 .part v000002096be1ecf0_0, 16, 16;
L_000002096be225a0 .arith/mult 16, L_000002096be22c80, L_000002096be21100;
L_000002096be21600 .arith/sum 16, L_000002096be20fc0, L_000002096be225a0;
L_000002096be22d20 .part v000002096be1ecf0_0, 32, 16;
L_000002096be20a20 .arith/mult 16, L_000002096be22be0, L_000002096be22d20;
L_000002096be22a00 .part v000002096be1ecf0_0, 0, 16;
L_000002096be20700 .arith/mult 16, L_000002096be22c80, L_000002096be22a00;
L_000002096be21240 .arith/sum 16, L_000002096be20a20, L_000002096be20700;
L_000002096be21380 .concat [ 10 6 0 0], v000002096be1e890_0, L_000002096be24978;
L_000002096be21420 .arith/sum 16, L_000002096be21600, L_000002096be21380;
L_000002096be21d80 .concat [ 4 12 0 0], v000002096be21560_0, L_000002096be249c0;
L_000002096be216a0 .arith/sum 16, L_000002096be21420, L_000002096be21d80;
L_000002096be217e0 .concat [ 10 6 0 0], v000002096be1ec50_0, L_000002096be24a08;
L_000002096be20840 .arith/sum 16, L_000002096be21240, L_000002096be217e0;
L_000002096be214c0 .concat [ 4 12 0 0], v000002096be21060_0, L_000002096be24a50;
L_000002096be21920 .arith/sum 16, L_000002096be20840, L_000002096be214c0;
L_000002096be21ba0 .part v000002096be1e110_0, 153, 1;
L_000002096be21c40 .concat [ 16 16 0 0], L_000002096be216a0, L_000002096be24a98;
L_000002096be21ec0 .arith/mult 32, L_000002096be21c40, L_000002096be24ae0;
L_000002096be219c0 .concat [ 16 16 0 0], L_000002096be216a0, L_000002096be24b28;
L_000002096be223c0 .arith/div 32, L_000002096be219c0, L_000002096be24b70;
L_000002096be207a0 .functor MUXZ 32, L_000002096be223c0, L_000002096be21ec0, L_000002096be21ba0, C4<>;
L_000002096be21f60 .part L_000002096be207a0, 0, 16;
L_000002096be22640 .concat [ 16 16 0 0], L_000002096be21f60, L_000002096be24bb8;
L_000002096be21a60 .concat [ 16 16 0 0], L_000002096be21920, L_000002096be24c00;
L_000002096be220a0 .part v000002096be1e110_0, 153, 1;
L_000002096be22140 .part v000002096be1e110_0, 136, 8;
L_000002096be22320 .concat [ 8 24 0 0], L_000002096be22140, L_000002096be24c48;
L_000002096be208e0 .arith/mult 32, L_000002096be22320, L_000002096be24c90;
L_000002096be20980 .part v000002096be1e110_0, 136, 8;
L_000002096be22500 .concat [ 8 24 0 0], L_000002096be20980, L_000002096be24cd8;
L_000002096be20ac0 .arith/div 32, L_000002096be22500, L_000002096be24d20;
L_000002096be226e0 .functor MUXZ 32, L_000002096be20ac0, L_000002096be208e0, L_000002096be220a0, C4<>;
L_000002096be22780 .arith/mult 32, L_000002096be21a60, L_000002096be226e0;
L_000002096be22fa0 .arith/sum 32, L_000002096be22640, L_000002096be22780;
L_000002096be241c0 .part v000002096be1e110_0, 0, 32;
L_000002096be23180 .arith/sum 32, L_000002096be22fa0, L_000002096be241c0;
L_000002096be82e80 .arith/sum 10, L_000002096be24618, v000002096be1e890_0;
L_000002096be81940 .arith/sum 10, L_000002096be24660, v000002096be1ec50_0;
L_000002096be80fe0 .arith/sum 10, L_000002096be24738, v000002096be1e890_0;
L_000002096be813a0 .arith/sum 10, L_000002096be24780, v000002096be1ec50_0;
L_000002096be83b00 .arith/sum 10, L_000002096be246a8, v000002096be1e890_0;
L_000002096be83e20 .arith/sum 10, L_000002096be246f0, v000002096be1ec50_0;
L_000002096be86440 .arith/sum 10, L_000002096be247c8, v000002096be1e890_0;
L_000002096be86d00 .arith/sum 10, L_000002096be24810, v000002096be1ec50_0;
S_000002096bd02110 .scope module, "spu_tile0x0" "SPU" 3 94, 4 3 0, S_000002096bcf6ed0;
 .timescale 0 0;
    .port_info 0 /INPUT 1 "i_clock";
    .port_info 1 /INPUT 1 "i_enable";
    .port_info 2 /INPUT 10 "tile_x";
    .port_info 3 /INPUT 10 "tile_y";
    .port_info 4 /INPUT 4 "i_process_x";
    .port_info 5 /INPUT 4 "i_process_y";
    .port_info 6 /INPUT 1 "i_clear";
    .port_info 7 /INPUT 1 "i_draw_sprite";
    .port_info 8 /INPUT 24 "i_clear_color";
    .port_info 9 /INPUT 16 "i_sprite_x";
    .port_info 10 /INPUT 16 "i_sprite_y";
    .port_info 11 /INPUT 32 "i_sprite_color";
    .port_info 12 /INPUT 1 "i_get_color";
    .port_info 13 /OUTPUT 24 "o_color_data";
P_000002096bd9c540 .param/l "TILE_SIZE" 0 4 20, +C4<00000000000000000000000000001010>;
L_000002096bd90d00 .functor BUFZ 24, v000002096be0d250_0, C4<000000000000000000000000>, C4<000000000000000000000000>, C4<000000000000000000000000>;
L_000002096bd90f30 .functor AND 1, L_000002096be24260, L_000002096be23fe0, C4<1>, C4<1>;
L_000002096bd916a0 .functor BUFZ 24, L_000002096be244e0, C4<000000000000000000000000>, C4<000000000000000000000000>, C4<000000000000000000000000>;
L_000002096be24df8 .functor BUFT 1, C4<00000000000000000000000000001010>, C4<0>, C4<0>, C4<0>;
v000002096bda03b0_0 .net/2u *"_ivl_10", 31 0, L_000002096be24df8;  1 drivers
L_000002096be25278 .functor BUFT 1, C4<00000000>, C4<0>, C4<0>, C4<0>;
v000002096bd9f5f0_0 .net/2u *"_ivl_100", 7 0, L_000002096be25278;  1 drivers
v000002096bda01d0_0 .net *"_ivl_102", 15 0, L_000002096be23900;  1 drivers
L_000002096be252c0 .functor BUFT 1, C4<0000000011111111>, C4<0>, C4<0>, C4<0>;
v000002096bda0d10_0 .net/2u *"_ivl_104", 15 0, L_000002096be252c0;  1 drivers
v000002096bd9f2d0_0 .net *"_ivl_107", 7 0, L_000002096be237c0;  1 drivers
v000002096bda0450_0 .net *"_ivl_108", 15 0, L_000002096be23860;  1 drivers
L_000002096be25308 .functor BUFT 1, C4<00000000>, C4<0>, C4<0>, C4<0>;
v000002096bda06d0_0 .net *"_ivl_111", 7 0, L_000002096be25308;  1 drivers
v000002096bda08b0_0 .net *"_ivl_112", 15 0, L_000002096be23ae0;  1 drivers
v000002096bda0810_0 .net *"_ivl_115", 15 0, L_000002096be23b80;  1 drivers
v000002096bd9f050_0 .net *"_ivl_116", 15 0, L_000002096be82020;  1 drivers
v000002096bd9f730_0 .net *"_ivl_118", 7 0, L_000002096be82520;  1 drivers
L_000002096be25350 .functor BUFT 1, C4<00000000>, C4<0>, C4<0>, C4<0>;
v000002096bda0db0_0 .net *"_ivl_120", 7 0, L_000002096be25350;  1 drivers
v000002096bda0950_0 .net *"_ivl_123", 7 0, L_000002096be82980;  1 drivers
L_000002096be25398 .functor BUFT 1, C4<00000000>, C4<0>, C4<0>, C4<0>;
v000002096bd9f7d0_0 .net/2u *"_ivl_124", 7 0, L_000002096be25398;  1 drivers
v000002096bda0a90_0 .net *"_ivl_126", 15 0, L_000002096be81c60;  1 drivers
L_000002096be253e0 .functor BUFT 1, C4<0000000011111111>, C4<0>, C4<0>, C4<0>;
v000002096bd9f550_0 .net/2u *"_ivl_128", 15 0, L_000002096be253e0;  1 drivers
v000002096bd9f370_0 .net *"_ivl_13", 31 0, L_000002096be23680;  1 drivers
v000002096bda0c70_0 .net *"_ivl_131", 7 0, L_000002096be81f80;  1 drivers
v000002096bda0e50_0 .net *"_ivl_132", 15 0, L_000002096be81300;  1 drivers
L_000002096be25428 .functor BUFT 1, C4<00000000>, C4<0>, C4<0>, C4<0>;
v000002096bd9f870_0 .net *"_ivl_135", 7 0, L_000002096be25428;  1 drivers
v000002096bd0c730_0 .net *"_ivl_136", 15 0, L_000002096be82ac0;  1 drivers
v000002096bd0ca50_0 .net *"_ivl_139", 15 0, L_000002096be81580;  1 drivers
v000002096bd6aea0_0 .net *"_ivl_14", 31 0, L_000002096be23220;  1 drivers
v000002096bd82d10_0 .net *"_ivl_140", 15 0, L_000002096be82de0;  1 drivers
v000002096be0c1e0_0 .net *"_ivl_142", 7 0, L_000002096be82700;  1 drivers
L_000002096be25470 .functor BUFT 1, C4<00000000>, C4<0>, C4<0>, C4<0>;
v000002096be0cc80_0 .net *"_ivl_144", 7 0, L_000002096be25470;  1 drivers
v000002096be0b380_0 .net *"_ivl_146", 47 0, L_000002096be83380;  1 drivers
L_000002096be24e40 .functor BUFT 1, C4<0000000000000000000000000000>, C4<0>, C4<0>, C4<0>;
v000002096be0b560_0 .net *"_ivl_17", 27 0, L_000002096be24e40;  1 drivers
v000002096be0c960_0 .net *"_ivl_18", 31 0, L_000002096be23c20;  1 drivers
v000002096be0c000_0 .net *"_ivl_2", 31 0, L_000002096be24440;  1 drivers
v000002096be0c5a0_0 .net *"_ivl_22", 31 0, L_000002096be23cc0;  1 drivers
L_000002096be24e88 .functor BUFT 1, C4<0000000000000000>, C4<0>, C4<0>, C4<0>;
v000002096be0c280_0 .net *"_ivl_25", 15 0, L_000002096be24e88;  1 drivers
v000002096be0c780_0 .net *"_ivl_26", 31 0, L_000002096be24300;  1 drivers
L_000002096be24ed0 .functor BUFT 1, C4<0000000000000000000000>, C4<0>, C4<0>, C4<0>;
v000002096be0c460_0 .net *"_ivl_29", 21 0, L_000002096be24ed0;  1 drivers
L_000002096be24f18 .functor BUFT 1, C4<00000000000000000000000000001010>, C4<0>, C4<0>, C4<0>;
v000002096be0c820_0 .net/2u *"_ivl_30", 31 0, L_000002096be24f18;  1 drivers
v000002096be0b600_0 .net *"_ivl_33", 31 0, L_000002096be23a40;  1 drivers
v000002096be0bb00_0 .net *"_ivl_34", 31 0, L_000002096be23360;  1 drivers
L_000002096be24f60 .functor BUFT 1, C4<0000000000000000000000000000>, C4<0>, C4<0>, C4<0>;
v000002096be0b9c0_0 .net *"_ivl_37", 27 0, L_000002096be24f60;  1 drivers
v000002096be0bba0_0 .net *"_ivl_38", 31 0, L_000002096be243a0;  1 drivers
v000002096be0cf00_0 .net *"_ivl_44", 23 0, L_000002096be244e0;  1 drivers
v000002096be0b1a0_0 .net *"_ivl_46", 8 0, L_000002096be24080;  1 drivers
L_000002096be24fa8 .functor BUFT 1, C4<00000>, C4<0>, C4<0>, C4<0>;
v000002096be0bce0_0 .net *"_ivl_49", 4 0, L_000002096be24fa8;  1 drivers
L_000002096be24d68 .functor BUFT 1, C4<0000000000000000>, C4<0>, C4<0>, C4<0>;
v000002096be0c320_0 .net *"_ivl_5", 15 0, L_000002096be24d68;  1 drivers
v000002096be0b240_0 .net *"_ivl_50", 12 0, L_000002096be22f00;  1 drivers
L_000002096be24ff0 .functor BUFT 1, C4<0000>, C4<0>, C4<0>, C4<0>;
v000002096be0ce60_0 .net *"_ivl_53", 3 0, L_000002096be24ff0;  1 drivers
L_000002096be25038 .functor BUFT 1, C4<0000000001010>, C4<0>, C4<0>, C4<0>;
v000002096be0b880_0 .net/2u *"_ivl_54", 12 0, L_000002096be25038;  1 drivers
v000002096be0c640_0 .net *"_ivl_57", 12 0, L_000002096be23d60;  1 drivers
v000002096be0c3c0_0 .net *"_ivl_58", 4 0, L_000002096be23040;  1 drivers
v000002096be0cbe0_0 .net *"_ivl_6", 31 0, L_000002096be22e60;  1 drivers
L_000002096be25080 .functor BUFT 1, C4<0>, C4<0>, C4<0>, C4<0>;
v000002096be0b060_0 .net *"_ivl_61", 0 0, L_000002096be25080;  1 drivers
L_000002096be250c8 .functor BUFT 1, C4<0>, C4<0>, C4<0>, C4<0>;
v000002096be0b420_0 .net *"_ivl_64", 0 0, L_000002096be250c8;  1 drivers
v000002096be0caa0_0 .net *"_ivl_65", 13 0, L_000002096be23e00;  1 drivers
L_000002096be25110 .functor BUFT 1, C4<000000000>, C4<0>, C4<0>, C4<0>;
v000002096be0ba60_0 .net *"_ivl_68", 8 0, L_000002096be25110;  1 drivers
v000002096be0bc40_0 .net *"_ivl_69", 13 0, L_000002096be230e0;  1 drivers
v000002096be0cb40_0 .net *"_ivl_70", 13 0, L_000002096be23ea0;  1 drivers
v000002096be0c8c0_0 .net *"_ivl_75", 7 0, L_000002096be239a0;  1 drivers
L_000002096be25158 .functor BUFT 1, C4<00000000>, C4<0>, C4<0>, C4<0>;
v000002096be0c6e0_0 .net/2u *"_ivl_76", 7 0, L_000002096be25158;  1 drivers
v000002096be0ca00_0 .net *"_ivl_78", 15 0, L_000002096be232c0;  1 drivers
L_000002096be251a0 .functor BUFT 1, C4<0000000011111111>, C4<0>, C4<0>, C4<0>;
v000002096be0cd20_0 .net/2u *"_ivl_80", 15 0, L_000002096be251a0;  1 drivers
v000002096be0cdc0_0 .net *"_ivl_83", 7 0, L_000002096be23400;  1 drivers
v000002096be0b100_0 .net *"_ivl_84", 15 0, L_000002096be234a0;  1 drivers
L_000002096be251e8 .functor BUFT 1, C4<00000000>, C4<0>, C4<0>, C4<0>;
v000002096be0c500_0 .net *"_ivl_87", 7 0, L_000002096be251e8;  1 drivers
v000002096be0b2e0_0 .net *"_ivl_88", 15 0, L_000002096be23f40;  1 drivers
L_000002096be24db0 .functor BUFT 1, C4<0000000000000000000000>, C4<0>, C4<0>, C4<0>;
v000002096be0b4c0_0 .net *"_ivl_9", 21 0, L_000002096be24db0;  1 drivers
v000002096be0bf60_0 .net *"_ivl_91", 15 0, L_000002096be24120;  1 drivers
v000002096be0b6a0_0 .net *"_ivl_92", 15 0, L_000002096be23540;  1 drivers
v000002096be0b740_0 .net *"_ivl_94", 7 0, L_000002096be23720;  1 drivers
L_000002096be25230 .functor BUFT 1, C4<00000000>, C4<0>, C4<0>, C4<0>;
v000002096be0b7e0_0 .net *"_ivl_96", 7 0, L_000002096be25230;  1 drivers
v000002096be0b920_0 .net *"_ivl_99", 7 0, L_000002096be235e0;  1 drivers
v000002096be0bd80_0 .net "can_process", 0 0, L_000002096bd90f30;  1 drivers
v000002096be0be20_0 .net "can_process_x", 0 0, L_000002096be24260;  1 drivers
v000002096be0bec0_0 .net "can_process_y", 0 0, L_000002096be23fe0;  1 drivers
v000002096be0c0a0 .array "colors", 99 0, 23 0;
v000002096be0c140_0 .net "current", 23 0, L_000002096bd916a0;  1 drivers
v000002096be0da70_0 .net "current_with_alpha", 23 0, L_000002096be81a80;  1 drivers
v000002096be0e3d0_0 .net "i_clear", 0 0, v000002096be1b2d0_0;  1 drivers
v000002096be0ea10_0 .net "i_clear_color", 23 0, v000002096be1d5d0_0;  1 drivers
v000002096be0d4d0_0 .net "i_clock", 0 0, o000002096bdb0ec8;  alias, 0 drivers
v000002096be0d430_0 .net "i_draw_sprite", 0 0, v000002096be1b550_0;  1 drivers
v000002096be0e790_0 .net "i_enable", 0 0, o000002096bdb0f28;  alias, 0 drivers
v000002096be0d070_0 .net "i_get_color", 0 0, v000002096be1b730_0;  1 drivers
v000002096be0d110_0 .net "i_process_x", 3 0, v000002096be21560_0;  1 drivers
v000002096be0d570_0 .net "i_process_y", 3 0, v000002096be21060_0;  1 drivers
v000002096be0ebf0_0 .net "i_sprite_color", 31 0, v000002096be1f0b0_0;  1 drivers
v000002096be0e470_0 .net "i_sprite_x", 15 0, v000002096be1f010_0;  1 drivers
v000002096be0d610_0 .net "i_sprite_y", 15 0, v000002096be1e9d0_0;  1 drivers
v000002096be0db10_0 .net "o_color_data", 23 0, L_000002096bd90d00;  alias, 1 drivers
v000002096be0d250_0 .var "output_color", 23 0;
v000002096be0edd0_0 .net "tile_x", 9 0, L_000002096be82e80;  1 drivers
v000002096be0d7f0_0 .net "tile_y", 9 0, L_000002096be81940;  1 drivers
E_000002096bd9e840 .event posedge, v000002096be0d4d0_0;
L_000002096be24440 .concat [ 16 16 0 0], v000002096be1f010_0, L_000002096be24d68;
L_000002096be22e60 .concat [ 10 22 0 0], L_000002096be82e80, L_000002096be24db0;
L_000002096be23680 .arith/mult 32, L_000002096be22e60, L_000002096be24df8;
L_000002096be23220 .concat [ 4 28 0 0], v000002096be21560_0, L_000002096be24e40;
L_000002096be23c20 .arith/sum 32, L_000002096be23680, L_000002096be23220;
L_000002096be24260 .cmp/gt 32, L_000002096be23c20, L_000002096be24440;
L_000002096be23cc0 .concat [ 16 16 0 0], v000002096be1e9d0_0, L_000002096be24e88;
L_000002096be24300 .concat [ 10 22 0 0], L_000002096be81940, L_000002096be24ed0;
L_000002096be23a40 .arith/mult 32, L_000002096be24300, L_000002096be24f18;
L_000002096be23360 .concat [ 4 28 0 0], v000002096be21060_0, L_000002096be24f60;
L_000002096be243a0 .arith/sum 32, L_000002096be23a40, L_000002096be23360;
L_000002096be23fe0 .cmp/gt 32, L_000002096be243a0, L_000002096be23cc0;
L_000002096be244e0 .array/port v000002096be0c0a0, L_000002096be23ea0;
L_000002096be24080 .concat [ 4 5 0 0], v000002096be21560_0, L_000002096be24fa8;
L_000002096be22f00 .concat [ 9 4 0 0], L_000002096be24080, L_000002096be24ff0;
L_000002096be23d60 .arith/mult 13, L_000002096be22f00, L_000002096be25038;
L_000002096be23040 .concat [ 4 1 0 0], v000002096be21060_0, L_000002096be25080;
L_000002096be23e00 .concat [ 13 1 0 0], L_000002096be23d60, L_000002096be250c8;
L_000002096be230e0 .concat [ 5 9 0 0], L_000002096be23040, L_000002096be25110;
L_000002096be23ea0 .arith/sum 14, L_000002096be23e00, L_000002096be230e0;
L_000002096be239a0 .part L_000002096bd916a0, 16, 8;
L_000002096be232c0 .concat [ 8 8 0 0], L_000002096be25158, L_000002096be239a0;
L_000002096be23400 .part v000002096be1f0b0_0, 0, 8;
L_000002096be234a0 .concat [ 8 8 0 0], L_000002096be23400, L_000002096be251e8;
L_000002096be23f40 .arith/sub 16, L_000002096be251a0, L_000002096be234a0;
L_000002096be24120 .arith/mult 16, L_000002096be232c0, L_000002096be23f40;
L_000002096be23720 .part L_000002096be24120, 8, 8;
L_000002096be23540 .concat [ 8 8 0 0], L_000002096be23720, L_000002096be25230;
L_000002096be235e0 .part L_000002096bd916a0, 8, 8;
L_000002096be23900 .concat [ 8 8 0 0], L_000002096be25278, L_000002096be235e0;
L_000002096be237c0 .part v000002096be1f0b0_0, 0, 8;
L_000002096be23860 .concat [ 8 8 0 0], L_000002096be237c0, L_000002096be25308;
L_000002096be23ae0 .arith/sub 16, L_000002096be252c0, L_000002096be23860;
L_000002096be23b80 .arith/mult 16, L_000002096be23900, L_000002096be23ae0;
L_000002096be82520 .part L_000002096be23b80, 8, 8;
L_000002096be82020 .concat [ 8 8 0 0], L_000002096be82520, L_000002096be25350;
L_000002096be82980 .part L_000002096bd916a0, 0, 8;
L_000002096be81c60 .concat [ 8 8 0 0], L_000002096be25398, L_000002096be82980;
L_000002096be81f80 .part v000002096be1f0b0_0, 0, 8;
L_000002096be81300 .concat [ 8 8 0 0], L_000002096be81f80, L_000002096be25428;
L_000002096be82ac0 .arith/sub 16, L_000002096be253e0, L_000002096be81300;
L_000002096be81580 .arith/mult 16, L_000002096be81c60, L_000002096be82ac0;
L_000002096be82700 .part L_000002096be81580, 8, 8;
L_000002096be82de0 .concat [ 8 8 0 0], L_000002096be82700, L_000002096be25470;
L_000002096be83380 .concat [ 16 16 16 0], L_000002096be82de0, L_000002096be82020, L_000002096be23540;
L_000002096be81a80 .part L_000002096be83380, 0, 24;
S_000002096bd02390 .scope module, "spu_tile0x1" "SPU" 3 113, 4 3 0, S_000002096bcf6ed0;
 .timescale 0 0;
    .port_info 0 /INPUT 1 "i_clock";
    .port_info 1 /INPUT 1 "i_enable";
    .port_info 2 /INPUT 10 "tile_x";
    .port_info 3 /INPUT 10 "tile_y";
    .port_info 4 /INPUT 4 "i_process_x";
    .port_info 5 /INPUT 4 "i_process_y";
    .port_info 6 /INPUT 1 "i_clear";
    .port_info 7 /INPUT 1 "i_draw_sprite";
    .port_info 8 /INPUT 24 "i_clear_color";
    .port_info 9 /INPUT 16 "i_sprite_x";
    .port_info 10 /INPUT 16 "i_sprite_y";
    .port_info 11 /INPUT 32 "i_sprite_color";
    .port_info 12 /INPUT 1 "i_get_color";
    .port_info 13 /OUTPUT 24 "o_color_data";
P_000002096bd9e480 .param/l "TILE_SIZE" 0 4 20, +C4<00000000000000000000000000001010>;
L_000002096bd90fa0 .functor BUFZ 24, v000002096be11ff0_0, C4<000000000000000000000000>, C4<000000000000000000000000>, C4<000000000000000000000000>;
L_000002096bd6ded0 .functor AND 1, L_000002096be81620, L_000002096be82fc0, C4<1>, C4<1>;
L_000002096bd824f0 .functor BUFZ 24, L_000002096be822a0, C4<000000000000000000000000>, C4<000000000000000000000000>, C4<000000000000000000000000>;
L_000002096be25548 .functor BUFT 1, C4<00000000000000000000000000001010>, C4<0>, C4<0>, C4<0>;
v000002096be0ee70_0 .net/2u *"_ivl_10", 31 0, L_000002096be25548;  1 drivers
L_000002096be259c8 .functor BUFT 1, C4<00000000>, C4<0>, C4<0>, C4<0>;
v000002096be0ec90_0 .net/2u *"_ivl_100", 7 0, L_000002096be259c8;  1 drivers
v000002096be0d1b0_0 .net *"_ivl_102", 15 0, L_000002096be83100;  1 drivers
L_000002096be25a10 .functor BUFT 1, C4<0000000011111111>, C4<0>, C4<0>, C4<0>;
v000002096be0e290_0 .net/2u *"_ivl_104", 15 0, L_000002096be25a10;  1 drivers
v000002096be0e830_0 .net *"_ivl_107", 7 0, L_000002096be83420;  1 drivers
v000002096be0e6f0_0 .net *"_ivl_108", 15 0, L_000002096be81da0;  1 drivers
L_000002096be25a58 .functor BUFT 1, C4<00000000>, C4<0>, C4<0>, C4<0>;
v000002096be0ef10_0 .net *"_ivl_111", 7 0, L_000002096be25a58;  1 drivers
v000002096be0e8d0_0 .net *"_ivl_112", 15 0, L_000002096be81e40;  1 drivers
v000002096be0dbb0_0 .net *"_ivl_115", 15 0, L_000002096be80ea0;  1 drivers
v000002096be0e5b0_0 .net *"_ivl_116", 15 0, L_000002096be811c0;  1 drivers
v000002096be0ed30_0 .net *"_ivl_118", 7 0, L_000002096be81ee0;  1 drivers
L_000002096be25aa0 .functor BUFT 1, C4<00000000>, C4<0>, C4<0>, C4<0>;
v000002096be0d6b0_0 .net *"_ivl_120", 7 0, L_000002096be25aa0;  1 drivers
v000002096be0eab0_0 .net *"_ivl_123", 7 0, L_000002096be820c0;  1 drivers
L_000002096be25ae8 .functor BUFT 1, C4<00000000>, C4<0>, C4<0>, C4<0>;
v000002096be0eb50_0 .net/2u *"_ivl_124", 7 0, L_000002096be25ae8;  1 drivers
v000002096be0ded0_0 .net *"_ivl_126", 15 0, L_000002096be82160;  1 drivers
L_000002096be25b30 .functor BUFT 1, C4<0000000011111111>, C4<0>, C4<0>, C4<0>;
v000002096be0d2f0_0 .net/2u *"_ivl_128", 15 0, L_000002096be25b30;  1 drivers
v000002096be0d750_0 .net *"_ivl_13", 31 0, L_000002096be831a0;  1 drivers
v000002096be0df70_0 .net *"_ivl_131", 7 0, L_000002096be81120;  1 drivers
v000002096be0e0b0_0 .net *"_ivl_132", 15 0, L_000002096be81260;  1 drivers
L_000002096be25b78 .functor BUFT 1, C4<00000000>, C4<0>, C4<0>, C4<0>;
v000002096be0d930_0 .net *"_ivl_135", 7 0, L_000002096be25b78;  1 drivers
v000002096be0d390_0 .net *"_ivl_136", 15 0, L_000002096be81760;  1 drivers
v000002096be0e330_0 .net *"_ivl_139", 15 0, L_000002096be82200;  1 drivers
v000002096be0e970_0 .net *"_ivl_14", 31 0, L_000002096be834c0;  1 drivers
v000002096be0e150_0 .net *"_ivl_140", 15 0, L_000002096be82480;  1 drivers
v000002096be0e510_0 .net *"_ivl_142", 7 0, L_000002096be80f40;  1 drivers
L_000002096be25bc0 .functor BUFT 1, C4<00000000>, C4<0>, C4<0>, C4<0>;
v000002096be0e650_0 .net *"_ivl_144", 7 0, L_000002096be25bc0;  1 drivers
v000002096be0d890_0 .net *"_ivl_146", 47 0, L_000002096be825c0;  1 drivers
L_000002096be25590 .functor BUFT 1, C4<0000000000000000000000000000>, C4<0>, C4<0>, C4<0>;
v000002096be0d9d0_0 .net *"_ivl_17", 27 0, L_000002096be25590;  1 drivers
v000002096be0dc50_0 .net *"_ivl_18", 31 0, L_000002096be81d00;  1 drivers
v000002096be0e010_0 .net *"_ivl_2", 31 0, L_000002096be81080;  1 drivers
v000002096be0dcf0_0 .net *"_ivl_22", 31 0, L_000002096be818a0;  1 drivers
L_000002096be255d8 .functor BUFT 1, C4<0000000000000000>, C4<0>, C4<0>, C4<0>;
v000002096be0dd90_0 .net *"_ivl_25", 15 0, L_000002096be255d8;  1 drivers
v000002096be0de30_0 .net *"_ivl_26", 31 0, L_000002096be81b20;  1 drivers
L_000002096be25620 .functor BUFT 1, C4<0000000000000000000000>, C4<0>, C4<0>, C4<0>;
v000002096be0e1f0_0 .net *"_ivl_29", 21 0, L_000002096be25620;  1 drivers
L_000002096be25668 .functor BUFT 1, C4<00000000000000000000000000001010>, C4<0>, C4<0>, C4<0>;
v000002096be10340_0 .net/2u *"_ivl_30", 31 0, L_000002096be25668;  1 drivers
v000002096be0f4e0_0 .net *"_ivl_33", 31 0, L_000002096be80d60;  1 drivers
v000002096be10520_0 .net *"_ivl_34", 31 0, L_000002096be81800;  1 drivers
L_000002096be256b0 .functor BUFT 1, C4<0000000000000000000000000000>, C4<0>, C4<0>, C4<0>;
v000002096be10e80_0 .net *"_ivl_37", 27 0, L_000002096be256b0;  1 drivers
v000002096be0fda0_0 .net *"_ivl_38", 31 0, L_000002096be82d40;  1 drivers
v000002096be0f300_0 .net *"_ivl_44", 23 0, L_000002096be822a0;  1 drivers
v000002096be103e0_0 .net *"_ivl_46", 8 0, L_000002096be82340;  1 drivers
L_000002096be256f8 .functor BUFT 1, C4<00000>, C4<0>, C4<0>, C4<0>;
v000002096be0fd00_0 .net *"_ivl_49", 4 0, L_000002096be256f8;  1 drivers
L_000002096be254b8 .functor BUFT 1, C4<0000000000000000>, C4<0>, C4<0>, C4<0>;
v000002096be105c0_0 .net *"_ivl_5", 15 0, L_000002096be254b8;  1 drivers
v000002096be0fa80_0 .net *"_ivl_50", 12 0, L_000002096be82a20;  1 drivers
L_000002096be25740 .functor BUFT 1, C4<0000>, C4<0>, C4<0>, C4<0>;
v000002096be0f6c0_0 .net *"_ivl_53", 3 0, L_000002096be25740;  1 drivers
L_000002096be25788 .functor BUFT 1, C4<0000000001010>, C4<0>, C4<0>, C4<0>;
v000002096be0fbc0_0 .net/2u *"_ivl_54", 12 0, L_000002096be25788;  1 drivers
v000002096be10ca0_0 .net *"_ivl_57", 12 0, L_000002096be82f20;  1 drivers
v000002096be0fe40_0 .net *"_ivl_58", 4 0, L_000002096be83240;  1 drivers
v000002096be10d40_0 .net *"_ivl_6", 31 0, L_000002096be82c00;  1 drivers
L_000002096be257d0 .functor BUFT 1, C4<0>, C4<0>, C4<0>, C4<0>;
v000002096be10480_0 .net *"_ivl_61", 0 0, L_000002096be257d0;  1 drivers
L_000002096be25818 .functor BUFT 1, C4<0>, C4<0>, C4<0>, C4<0>;
v000002096be10200_0 .net *"_ivl_64", 0 0, L_000002096be25818;  1 drivers
v000002096be10de0_0 .net *"_ivl_65", 13 0, L_000002096be823e0;  1 drivers
L_000002096be25860 .functor BUFT 1, C4<000000000>, C4<0>, C4<0>, C4<0>;
v000002096be0f3a0_0 .net *"_ivl_68", 8 0, L_000002096be25860;  1 drivers
v000002096be0f580_0 .net *"_ivl_69", 13 0, L_000002096be83060;  1 drivers
v000002096be10980_0 .net *"_ivl_70", 13 0, L_000002096be81440;  1 drivers
v000002096be10020_0 .net *"_ivl_75", 7 0, L_000002096be82b60;  1 drivers
L_000002096be258a8 .functor BUFT 1, C4<00000000>, C4<0>, C4<0>, C4<0>;
v000002096be10660_0 .net/2u *"_ivl_76", 7 0, L_000002096be258a8;  1 drivers
v000002096be102a0_0 .net *"_ivl_78", 15 0, L_000002096be827a0;  1 drivers
L_000002096be258f0 .functor BUFT 1, C4<0000000011111111>, C4<0>, C4<0>, C4<0>;
v000002096be107a0_0 .net/2u *"_ivl_80", 15 0, L_000002096be258f0;  1 drivers
v000002096be10700_0 .net *"_ivl_83", 7 0, L_000002096be82840;  1 drivers
v000002096be10840_0 .net *"_ivl_84", 15 0, L_000002096be81bc0;  1 drivers
L_000002096be25938 .functor BUFT 1, C4<00000000>, C4<0>, C4<0>, C4<0>;
v000002096be0f620_0 .net *"_ivl_87", 7 0, L_000002096be25938;  1 drivers
v000002096be0fb20_0 .net *"_ivl_88", 15 0, L_000002096be819e0;  1 drivers
L_000002096be25500 .functor BUFT 1, C4<0000000000000000000000>, C4<0>, C4<0>, C4<0>;
v000002096be0f760_0 .net *"_ivl_9", 21 0, L_000002096be25500;  1 drivers
v000002096be0f940_0 .net *"_ivl_91", 15 0, L_000002096be82ca0;  1 drivers
v000002096be0f080_0 .net *"_ivl_92", 15 0, L_000002096be832e0;  1 drivers
v000002096be0f800_0 .net *"_ivl_94", 7 0, L_000002096be816c0;  1 drivers
L_000002096be25980 .functor BUFT 1, C4<00000000>, C4<0>, C4<0>, C4<0>;
v000002096be0f8a0_0 .net *"_ivl_96", 7 0, L_000002096be25980;  1 drivers
v000002096be0fc60_0 .net *"_ivl_99", 7 0, L_000002096be80e00;  1 drivers
v000002096be0f440_0 .net "can_process", 0 0, L_000002096bd6ded0;  1 drivers
v000002096be0fee0_0 .net "can_process_x", 0 0, L_000002096be81620;  1 drivers
v000002096be100c0_0 .net "can_process_y", 0 0, L_000002096be82fc0;  1 drivers
v000002096be10f20 .array "colors", 99 0, 23 0;
v000002096be0f9e0_0 .net "current", 23 0, L_000002096bd824f0;  1 drivers
v000002096be108e0_0 .net "current_with_alpha", 23 0, L_000002096be82660;  1 drivers
v000002096be0ff80_0 .net "i_clear", 0 0, v000002096be1b2d0_0;  alias, 1 drivers
v000002096be0f120_0 .net "i_clear_color", 23 0, v000002096be1d5d0_0;  alias, 1 drivers
v000002096be10160_0 .net "i_clock", 0 0, o000002096bdb0ec8;  alias, 0 drivers
v000002096be10a20_0 .net "i_draw_sprite", 0 0, v000002096be1b550_0;  alias, 1 drivers
v000002096be10ac0_0 .net "i_enable", 0 0, o000002096bdb0f28;  alias, 0 drivers
v000002096be10b60_0 .net "i_get_color", 0 0, v000002096be1b730_0;  alias, 1 drivers
v000002096be10c00_0 .net "i_process_x", 3 0, v000002096be21560_0;  alias, 1 drivers
v000002096be0f1c0_0 .net "i_process_y", 3 0, v000002096be21060_0;  alias, 1 drivers
v000002096be0f260_0 .net "i_sprite_color", 31 0, v000002096be1f0b0_0;  alias, 1 drivers
v000002096be12e50_0 .net "i_sprite_x", 15 0, v000002096be1f010_0;  alias, 1 drivers
v000002096be12590_0 .net "i_sprite_y", 15 0, v000002096be1e9d0_0;  alias, 1 drivers
v000002096be133f0_0 .net "o_color_data", 23 0, L_000002096bd90fa0;  alias, 1 drivers
v000002096be11ff0_0 .var "output_color", 23 0;
v000002096be11f50_0 .net "tile_x", 9 0, L_000002096be80fe0;  1 drivers
v000002096be130d0_0 .net "tile_y", 9 0, L_000002096be813a0;  1 drivers
L_000002096be81080 .concat [ 16 16 0 0], v000002096be1f010_0, L_000002096be254b8;
L_000002096be82c00 .concat [ 10 22 0 0], L_000002096be80fe0, L_000002096be25500;
L_000002096be831a0 .arith/mult 32, L_000002096be82c00, L_000002096be25548;
L_000002096be834c0 .concat [ 4 28 0 0], v000002096be21560_0, L_000002096be25590;
L_000002096be81d00 .arith/sum 32, L_000002096be831a0, L_000002096be834c0;
L_000002096be81620 .cmp/gt 32, L_000002096be81d00, L_000002096be81080;
L_000002096be818a0 .concat [ 16 16 0 0], v000002096be1e9d0_0, L_000002096be255d8;
L_000002096be81b20 .concat [ 10 22 0 0], L_000002096be813a0, L_000002096be25620;
L_000002096be80d60 .arith/mult 32, L_000002096be81b20, L_000002096be25668;
L_000002096be81800 .concat [ 4 28 0 0], v000002096be21060_0, L_000002096be256b0;
L_000002096be82d40 .arith/sum 32, L_000002096be80d60, L_000002096be81800;
L_000002096be82fc0 .cmp/gt 32, L_000002096be82d40, L_000002096be818a0;
L_000002096be822a0 .array/port v000002096be10f20, L_000002096be81440;
L_000002096be82340 .concat [ 4 5 0 0], v000002096be21560_0, L_000002096be256f8;
L_000002096be82a20 .concat [ 9 4 0 0], L_000002096be82340, L_000002096be25740;
L_000002096be82f20 .arith/mult 13, L_000002096be82a20, L_000002096be25788;
L_000002096be83240 .concat [ 4 1 0 0], v000002096be21060_0, L_000002096be257d0;
L_000002096be823e0 .concat [ 13 1 0 0], L_000002096be82f20, L_000002096be25818;
L_000002096be83060 .concat [ 5 9 0 0], L_000002096be83240, L_000002096be25860;
L_000002096be81440 .arith/sum 14, L_000002096be823e0, L_000002096be83060;
L_000002096be82b60 .part L_000002096bd824f0, 16, 8;
L_000002096be827a0 .concat [ 8 8 0 0], L_000002096be258a8, L_000002096be82b60;
L_000002096be82840 .part v000002096be1f0b0_0, 0, 8;
L_000002096be81bc0 .concat [ 8 8 0 0], L_000002096be82840, L_000002096be25938;
L_000002096be819e0 .arith/sub 16, L_000002096be258f0, L_000002096be81bc0;
L_000002096be82ca0 .arith/mult 16, L_000002096be827a0, L_000002096be819e0;
L_000002096be816c0 .part L_000002096be82ca0, 8, 8;
L_000002096be832e0 .concat [ 8 8 0 0], L_000002096be816c0, L_000002096be25980;
L_000002096be80e00 .part L_000002096bd824f0, 8, 8;
L_000002096be83100 .concat [ 8 8 0 0], L_000002096be259c8, L_000002096be80e00;
L_000002096be83420 .part v000002096be1f0b0_0, 0, 8;
L_000002096be81da0 .concat [ 8 8 0 0], L_000002096be83420, L_000002096be25a58;
L_000002096be81e40 .arith/sub 16, L_000002096be25a10, L_000002096be81da0;
L_000002096be80ea0 .arith/mult 16, L_000002096be83100, L_000002096be81e40;
L_000002096be81ee0 .part L_000002096be80ea0, 8, 8;
L_000002096be811c0 .concat [ 8 8 0 0], L_000002096be81ee0, L_000002096be25aa0;
L_000002096be820c0 .part L_000002096bd824f0, 0, 8;
L_000002096be82160 .concat [ 8 8 0 0], L_000002096be25ae8, L_000002096be820c0;
L_000002096be81120 .part v000002096be1f0b0_0, 0, 8;
L_000002096be81260 .concat [ 8 8 0 0], L_000002096be81120, L_000002096be25b78;
L_000002096be81760 .arith/sub 16, L_000002096be25b30, L_000002096be81260;
L_000002096be82200 .arith/mult 16, L_000002096be82160, L_000002096be81760;
L_000002096be80f40 .part L_000002096be82200, 8, 8;
L_000002096be82480 .concat [ 8 8 0 0], L_000002096be80f40, L_000002096be25bc0;
L_000002096be825c0 .concat [ 16 16 16 0], L_000002096be82480, L_000002096be811c0, L_000002096be832e0;
L_000002096be82660 .part L_000002096be825c0, 0, 24;
S_000002096bdaed00 .scope module, "spu_tile1x0" "SPU" 3 132, 4 3 0, S_000002096bcf6ed0;
 .timescale 0 0;
    .port_info 0 /INPUT 1 "i_clock";
    .port_info 1 /INPUT 1 "i_enable";
    .port_info 2 /INPUT 10 "tile_x";
    .port_info 3 /INPUT 10 "tile_y";
    .port_info 4 /INPUT 4 "i_process_x";
    .port_info 5 /INPUT 4 "i_process_y";
    .port_info 6 /INPUT 1 "i_clear";
    .port_info 7 /INPUT 1 "i_draw_sprite";
    .port_info 8 /INPUT 24 "i_clear_color";
    .port_info 9 /INPUT 16 "i_sprite_x";
    .port_info 10 /INPUT 16 "i_sprite_y";
    .port_info 11 /INPUT 32 "i_sprite_color";
    .port_info 12 /INPUT 1 "i_get_color";
    .port_info 13 /OUTPUT 24 "o_color_data";
P_000002096bd9eb00 .param/l "TILE_SIZE" 0 4 20, +C4<00000000000000000000000000001010>;
L_000002096bd91160 .functor BUFZ 24, v000002096be14c50_0, C4<000000000000000000000000>, C4<000000000000000000000000>, C4<000000000000000000000000>;
L_000002096be8a4d0 .functor AND 1, L_000002096be85360, L_000002096be84500, C4<1>, C4<1>;
L_000002096be8b0a0 .functor BUFZ 24, L_000002096be85ae0, C4<000000000000000000000000>, C4<000000000000000000000000>, C4<000000000000000000000000>;
L_000002096be25c98 .functor BUFT 1, C4<00000000000000000000000000001010>, C4<0>, C4<0>, C4<0>;
v000002096be12270_0 .net/2u *"_ivl_10", 31 0, L_000002096be25c98;  1 drivers
L_000002096be26118 .functor BUFT 1, C4<00000000>, C4<0>, C4<0>, C4<0>;
v000002096be11a50_0 .net/2u *"_ivl_100", 7 0, L_000002096be26118;  1 drivers
v000002096be13170_0 .net *"_ivl_102", 15 0, L_000002096be85040;  1 drivers
L_000002096be26160 .functor BUFT 1, C4<0000000011111111>, C4<0>, C4<0>, C4<0>;
v000002096be13030_0 .net/2u *"_ivl_104", 15 0, L_000002096be26160;  1 drivers
v000002096be13210_0 .net *"_ivl_107", 7 0, L_000002096be83ce0;  1 drivers
v000002096be11730_0 .net *"_ivl_108", 15 0, L_000002096be84dc0;  1 drivers
L_000002096be261a8 .functor BUFT 1, C4<00000000>, C4<0>, C4<0>, C4<0>;
v000002096be13490_0 .net *"_ivl_111", 7 0, L_000002096be261a8;  1 drivers
v000002096be12770_0 .net *"_ivl_112", 15 0, L_000002096be83880;  1 drivers
v000002096be12950_0 .net *"_ivl_115", 15 0, L_000002096be83560;  1 drivers
v000002096be12090_0 .net *"_ivl_116", 15 0, L_000002096be843c0;  1 drivers
v000002096be126d0_0 .net *"_ivl_118", 7 0, L_000002096be84640;  1 drivers
L_000002096be261f0 .functor BUFT 1, C4<00000000>, C4<0>, C4<0>, C4<0>;
v000002096be12810_0 .net *"_ivl_120", 7 0, L_000002096be261f0;  1 drivers
v000002096be13850_0 .net *"_ivl_123", 7 0, L_000002096be83920;  1 drivers
L_000002096be26238 .functor BUFT 1, C4<00000000>, C4<0>, C4<0>, C4<0>;
v000002096be12310_0 .net/2u *"_ivl_124", 7 0, L_000002096be26238;  1 drivers
v000002096be11870_0 .net *"_ivl_126", 15 0, L_000002096be85540;  1 drivers
L_000002096be26280 .functor BUFT 1, C4<0000000011111111>, C4<0>, C4<0>, C4<0>;
v000002096be12bd0_0 .net/2u *"_ivl_128", 15 0, L_000002096be26280;  1 drivers
v000002096be12130_0 .net *"_ivl_13", 31 0, L_000002096be84140;  1 drivers
v000002096be12b30_0 .net *"_ivl_131", 7 0, L_000002096be85720;  1 drivers
v000002096be117d0_0 .net *"_ivl_132", 15 0, L_000002096be846e0;  1 drivers
L_000002096be262c8 .functor BUFT 1, C4<00000000>, C4<0>, C4<0>, C4<0>;
v000002096be12c70_0 .net *"_ivl_135", 7 0, L_000002096be262c8;  1 drivers
v000002096be114b0_0 .net *"_ivl_136", 15 0, L_000002096be840a0;  1 drivers
v000002096be11910_0 .net *"_ivl_139", 15 0, L_000002096be85180;  1 drivers
v000002096be13670_0 .net *"_ivl_14", 31 0, L_000002096be848c0;  1 drivers
v000002096be12d10_0 .net *"_ivl_140", 15 0, L_000002096be83a60;  1 drivers
v000002096be119b0_0 .net *"_ivl_142", 7 0, L_000002096be84280;  1 drivers
L_000002096be26310 .functor BUFT 1, C4<00000000>, C4<0>, C4<0>, C4<0>;
v000002096be121d0_0 .net *"_ivl_144", 7 0, L_000002096be26310;  1 drivers
v000002096be115f0_0 .net *"_ivl_146", 47 0, L_000002096be84320;  1 drivers
L_000002096be25ce0 .functor BUFT 1, C4<0000000000000000000000000000>, C4<0>, C4<0>, C4<0>;
v000002096be138f0_0 .net *"_ivl_17", 27 0, L_000002096be25ce0;  1 drivers
v000002096be11cd0_0 .net *"_ivl_18", 31 0, L_000002096be84460;  1 drivers
v000002096be132b0_0 .net *"_ivl_2", 31 0, L_000002096be828e0;  1 drivers
v000002096be11af0_0 .net *"_ivl_22", 31 0, L_000002096be85a40;  1 drivers
L_000002096be25d28 .functor BUFT 1, C4<0000000000000000>, C4<0>, C4<0>, C4<0>;
v000002096be12db0_0 .net *"_ivl_25", 15 0, L_000002096be25d28;  1 drivers
v000002096be12ef0_0 .net *"_ivl_26", 31 0, L_000002096be850e0;  1 drivers
L_000002096be25d70 .functor BUFT 1, C4<0000000000000000000000>, C4<0>, C4<0>, C4<0>;
v000002096be11b90_0 .net *"_ivl_29", 21 0, L_000002096be25d70;  1 drivers
L_000002096be25db8 .functor BUFT 1, C4<00000000000000000000000000001010>, C4<0>, C4<0>, C4<0>;
v000002096be13710_0 .net/2u *"_ivl_30", 31 0, L_000002096be25db8;  1 drivers
v000002096be13350_0 .net *"_ivl_33", 31 0, L_000002096be837e0;  1 drivers
v000002096be11c30_0 .net *"_ivl_34", 31 0, L_000002096be857c0;  1 drivers
L_000002096be25e00 .functor BUFT 1, C4<0000000000000000000000000000>, C4<0>, C4<0>, C4<0>;
v000002096be11d70_0 .net *"_ivl_37", 27 0, L_000002096be25e00;  1 drivers
v000002096be12f90_0 .net *"_ivl_38", 31 0, L_000002096be83600;  1 drivers
v000002096be11550_0 .net *"_ivl_44", 23 0, L_000002096be85ae0;  1 drivers
v000002096be11e10_0 .net *"_ivl_46", 8 0, L_000002096be84d20;  1 drivers
L_000002096be25e48 .functor BUFT 1, C4<00000>, C4<0>, C4<0>, C4<0>;
v000002096be13ad0_0 .net *"_ivl_49", 4 0, L_000002096be25e48;  1 drivers
L_000002096be25c08 .functor BUFT 1, C4<0000000000000000>, C4<0>, C4<0>, C4<0>;
v000002096be11eb0_0 .net *"_ivl_5", 15 0, L_000002096be25c08;  1 drivers
v000002096be123b0_0 .net *"_ivl_50", 12 0, L_000002096be85400;  1 drivers
L_000002096be25e90 .functor BUFT 1, C4<0000>, C4<0>, C4<0>, C4<0>;
v000002096be135d0_0 .net *"_ivl_53", 3 0, L_000002096be25e90;  1 drivers
L_000002096be25ed8 .functor BUFT 1, C4<0000000001010>, C4<0>, C4<0>, C4<0>;
v000002096be13b70_0 .net/2u *"_ivl_54", 12 0, L_000002096be25ed8;  1 drivers
v000002096be13530_0 .net *"_ivl_57", 12 0, L_000002096be85860;  1 drivers
v000002096be137b0_0 .net *"_ivl_58", 4 0, L_000002096be84fa0;  1 drivers
v000002096be13990_0 .net *"_ivl_6", 31 0, L_000002096be814e0;  1 drivers
L_000002096be25f20 .functor BUFT 1, C4<0>, C4<0>, C4<0>, C4<0>;
v000002096be12450_0 .net *"_ivl_61", 0 0, L_000002096be25f20;  1 drivers
L_000002096be25f68 .functor BUFT 1, C4<0>, C4<0>, C4<0>, C4<0>;
v000002096be13a30_0 .net *"_ivl_64", 0 0, L_000002096be25f68;  1 drivers
v000002096be13c10_0 .net *"_ivl_65", 13 0, L_000002096be845a0;  1 drivers
L_000002096be25fb0 .functor BUFT 1, C4<000000000>, C4<0>, C4<0>, C4<0>;
v000002096be124f0_0 .net *"_ivl_68", 8 0, L_000002096be25fb0;  1 drivers
v000002096be11690_0 .net *"_ivl_69", 13 0, L_000002096be84960;  1 drivers
v000002096be12630_0 .net *"_ivl_70", 13 0, L_000002096be83d80;  1 drivers
v000002096be128b0_0 .net *"_ivl_75", 7 0, L_000002096be859a0;  1 drivers
L_000002096be25ff8 .functor BUFT 1, C4<00000000>, C4<0>, C4<0>, C4<0>;
v000002096be129f0_0 .net/2u *"_ivl_76", 7 0, L_000002096be25ff8;  1 drivers
v000002096be12a90_0 .net *"_ivl_78", 15 0, L_000002096be85cc0;  1 drivers
L_000002096be26040 .functor BUFT 1, C4<0000000011111111>, C4<0>, C4<0>, C4<0>;
v000002096be14cf0_0 .net/2u *"_ivl_80", 15 0, L_000002096be26040;  1 drivers
v000002096be144d0_0 .net *"_ivl_83", 7 0, L_000002096be841e0;  1 drivers
v000002096be14930_0 .net *"_ivl_84", 15 0, L_000002096be84be0;  1 drivers
L_000002096be26088 .functor BUFT 1, C4<00000000>, C4<0>, C4<0>, C4<0>;
v000002096be142f0_0 .net *"_ivl_87", 7 0, L_000002096be26088;  1 drivers
v000002096be14390_0 .net *"_ivl_88", 15 0, L_000002096be839c0;  1 drivers
L_000002096be25c50 .functor BUFT 1, C4<0000000000000000000000>, C4<0>, C4<0>, C4<0>;
v000002096be14430_0 .net *"_ivl_9", 21 0, L_000002096be25c50;  1 drivers
v000002096be14570_0 .net *"_ivl_91", 15 0, L_000002096be836a0;  1 drivers
v000002096be13d50_0 .net *"_ivl_92", 15 0, L_000002096be83740;  1 drivers
v000002096be14610_0 .net *"_ivl_94", 7 0, L_000002096be84a00;  1 drivers
L_000002096be260d0 .functor BUFT 1, C4<00000000>, C4<0>, C4<0>, C4<0>;
v000002096be146b0_0 .net *"_ivl_96", 7 0, L_000002096be260d0;  1 drivers
v000002096be14750_0 .net *"_ivl_99", 7 0, L_000002096be854a0;  1 drivers
v000002096be14a70_0 .net "can_process", 0 0, L_000002096be8a4d0;  1 drivers
v000002096be147f0_0 .net "can_process_x", 0 0, L_000002096be85360;  1 drivers
v000002096be13fd0_0 .net "can_process_y", 0 0, L_000002096be84500;  1 drivers
v000002096be15290 .array "colors", 99 0, 23 0;
v000002096be14d90_0 .net "current", 23 0, L_000002096be8b0a0;  1 drivers
v000002096be151f0_0 .net "current_with_alpha", 23 0, L_000002096be84e60;  1 drivers
v000002096be15010_0 .net "i_clear", 0 0, v000002096be1b2d0_0;  alias, 1 drivers
v000002096be14890_0 .net "i_clear_color", 23 0, v000002096be1d5d0_0;  alias, 1 drivers
v000002096be14e30_0 .net "i_clock", 0 0, o000002096bdb0ec8;  alias, 0 drivers
v000002096be15330_0 .net "i_draw_sprite", 0 0, v000002096be1b550_0;  alias, 1 drivers
v000002096be13df0_0 .net "i_enable", 0 0, o000002096bdb0f28;  alias, 0 drivers
v000002096be149d0_0 .net "i_get_color", 0 0, v000002096be1b730_0;  alias, 1 drivers
v000002096be14f70_0 .net "i_process_x", 3 0, v000002096be21560_0;  alias, 1 drivers
v000002096be14b10_0 .net "i_process_y", 3 0, v000002096be21060_0;  alias, 1 drivers
v000002096be14bb0_0 .net "i_sprite_color", 31 0, v000002096be1f0b0_0;  alias, 1 drivers
v000002096be150b0_0 .net "i_sprite_x", 15 0, v000002096be1f010_0;  alias, 1 drivers
v000002096be14ed0_0 .net "i_sprite_y", 15 0, v000002096be1e9d0_0;  alias, 1 drivers
v000002096be15150_0 .net "o_color_data", 23 0, L_000002096bd91160;  alias, 1 drivers
v000002096be14c50_0 .var "output_color", 23 0;
v000002096be13cb0_0 .net "tile_x", 9 0, L_000002096be83b00;  1 drivers
v000002096be13e90_0 .net "tile_y", 9 0, L_000002096be83e20;  1 drivers
L_000002096be828e0 .concat [ 16 16 0 0], v000002096be1f010_0, L_000002096be25c08;
L_000002096be814e0 .concat [ 10 22 0 0], L_000002096be83b00, L_000002096be25c50;
L_000002096be84140 .arith/mult 32, L_000002096be814e0, L_000002096be25c98;
L_000002096be848c0 .concat [ 4 28 0 0], v000002096be21560_0, L_000002096be25ce0;
L_000002096be84460 .arith/sum 32, L_000002096be84140, L_000002096be848c0;
L_000002096be85360 .cmp/gt 32, L_000002096be84460, L_000002096be828e0;
L_000002096be85a40 .concat [ 16 16 0 0], v000002096be1e9d0_0, L_000002096be25d28;
L_000002096be850e0 .concat [ 10 22 0 0], L_000002096be83e20, L_000002096be25d70;
L_000002096be837e0 .arith/mult 32, L_000002096be850e0, L_000002096be25db8;
L_000002096be857c0 .concat [ 4 28 0 0], v000002096be21060_0, L_000002096be25e00;
L_000002096be83600 .arith/sum 32, L_000002096be837e0, L_000002096be857c0;
L_000002096be84500 .cmp/gt 32, L_000002096be83600, L_000002096be85a40;
L_000002096be85ae0 .array/port v000002096be15290, L_000002096be83d80;
L_000002096be84d20 .concat [ 4 5 0 0], v000002096be21560_0, L_000002096be25e48;
L_000002096be85400 .concat [ 9 4 0 0], L_000002096be84d20, L_000002096be25e90;
L_000002096be85860 .arith/mult 13, L_000002096be85400, L_000002096be25ed8;
L_000002096be84fa0 .concat [ 4 1 0 0], v000002096be21060_0, L_000002096be25f20;
L_000002096be845a0 .concat [ 13 1 0 0], L_000002096be85860, L_000002096be25f68;
L_000002096be84960 .concat [ 5 9 0 0], L_000002096be84fa0, L_000002096be25fb0;
L_000002096be83d80 .arith/sum 14, L_000002096be845a0, L_000002096be84960;
L_000002096be859a0 .part L_000002096be8b0a0, 16, 8;
L_000002096be85cc0 .concat [ 8 8 0 0], L_000002096be25ff8, L_000002096be859a0;
L_000002096be841e0 .part v000002096be1f0b0_0, 0, 8;
L_000002096be84be0 .concat [ 8 8 0 0], L_000002096be841e0, L_000002096be26088;
L_000002096be839c0 .arith/sub 16, L_000002096be26040, L_000002096be84be0;
L_000002096be836a0 .arith/mult 16, L_000002096be85cc0, L_000002096be839c0;
L_000002096be84a00 .part L_000002096be836a0, 8, 8;
L_000002096be83740 .concat [ 8 8 0 0], L_000002096be84a00, L_000002096be260d0;
L_000002096be854a0 .part L_000002096be8b0a0, 8, 8;
L_000002096be85040 .concat [ 8 8 0 0], L_000002096be26118, L_000002096be854a0;
L_000002096be83ce0 .part v000002096be1f0b0_0, 0, 8;
L_000002096be84dc0 .concat [ 8 8 0 0], L_000002096be83ce0, L_000002096be261a8;
L_000002096be83880 .arith/sub 16, L_000002096be26160, L_000002096be84dc0;
L_000002096be83560 .arith/mult 16, L_000002096be85040, L_000002096be83880;
L_000002096be84640 .part L_000002096be83560, 8, 8;
L_000002096be843c0 .concat [ 8 8 0 0], L_000002096be84640, L_000002096be261f0;
L_000002096be83920 .part L_000002096be8b0a0, 0, 8;
L_000002096be85540 .concat [ 8 8 0 0], L_000002096be26238, L_000002096be83920;
L_000002096be85720 .part v000002096be1f0b0_0, 0, 8;
L_000002096be846e0 .concat [ 8 8 0 0], L_000002096be85720, L_000002096be262c8;
L_000002096be840a0 .arith/sub 16, L_000002096be26280, L_000002096be846e0;
L_000002096be85180 .arith/mult 16, L_000002096be85540, L_000002096be840a0;
L_000002096be84280 .part L_000002096be85180, 8, 8;
L_000002096be83a60 .concat [ 8 8 0 0], L_000002096be84280, L_000002096be26310;
L_000002096be84320 .concat [ 16 16 16 0], L_000002096be83a60, L_000002096be843c0, L_000002096be83740;
L_000002096be84e60 .part L_000002096be84320, 0, 24;
S_000002096be16470 .scope module, "spu_tile1x1" "SPU" 3 151, 4 3 0, S_000002096bcf6ed0;
 .timescale 0 0;
    .port_info 0 /INPUT 1 "i_clock";
    .port_info 1 /INPUT 1 "i_enable";
    .port_info 2 /INPUT 10 "tile_x";
    .port_info 3 /INPUT 10 "tile_y";
    .port_info 4 /INPUT 4 "i_process_x";
    .port_info 5 /INPUT 4 "i_process_y";
    .port_info 6 /INPUT 1 "i_clear";
    .port_info 7 /INPUT 1 "i_draw_sprite";
    .port_info 8 /INPUT 24 "i_clear_color";
    .port_info 9 /INPUT 16 "i_sprite_x";
    .port_info 10 /INPUT 16 "i_sprite_y";
    .port_info 11 /INPUT 32 "i_sprite_color";
    .port_info 12 /INPUT 1 "i_get_color";
    .port_info 13 /OUTPUT 24 "o_color_data";
P_000002096bd9edc0 .param/l "TILE_SIZE" 0 4 20, +C4<00000000000000000000000000001010>;
L_000002096be8a380 .functor BUFZ 24, v000002096be19570_0, C4<000000000000000000000000>, C4<000000000000000000000000>, C4<000000000000000000000000>;
L_000002096be89c10 .functor AND 1, L_000002096be855e0, L_000002096be85900, C4<1>, C4<1>;
L_000002096be8b420 .functor BUFZ 24, L_000002096be84000, C4<000000000000000000000000>, C4<000000000000000000000000>, C4<000000000000000000000000>;
L_000002096be263e8 .functor BUFT 1, C4<00000000000000000000000000001010>, C4<0>, C4<0>, C4<0>;
v000002096be13f30_0 .net/2u *"_ivl_10", 31 0, L_000002096be263e8;  1 drivers
L_000002096be26868 .functor BUFT 1, C4<00000000>, C4<0>, C4<0>, C4<0>;
v000002096be14070_0 .net/2u *"_ivl_100", 7 0, L_000002096be26868;  1 drivers
v000002096be14110_0 .net *"_ivl_102", 15 0, L_000002096be87160;  1 drivers
L_000002096be268b0 .functor BUFT 1, C4<0000000011111111>, C4<0>, C4<0>, C4<0>;
v000002096be141b0_0 .net/2u *"_ivl_104", 15 0, L_000002096be268b0;  1 drivers
v000002096be14250_0 .net *"_ivl_107", 7 0, L_000002096be87520;  1 drivers
v000002096be17a90_0 .net *"_ivl_108", 15 0, L_000002096be878e0;  1 drivers
L_000002096be268f8 .functor BUFT 1, C4<00000000>, C4<0>, C4<0>, C4<0>;
v000002096be18990_0 .net *"_ivl_111", 7 0, L_000002096be268f8;  1 drivers
v000002096be18a30_0 .net *"_ivl_112", 15 0, L_000002096be85f40;  1 drivers
v000002096be16d70_0 .net *"_ivl_115", 15 0, L_000002096be87a20;  1 drivers
v000002096be16af0_0 .net *"_ivl_116", 15 0, L_000002096be85e00;  1 drivers
v000002096be16eb0_0 .net *"_ivl_118", 7 0, L_000002096be863a0;  1 drivers
L_000002096be26940 .functor BUFT 1, C4<00000000>, C4<0>, C4<0>, C4<0>;
v000002096be18cb0_0 .net *"_ivl_120", 7 0, L_000002096be26940;  1 drivers
v000002096be182b0_0 .net *"_ivl_123", 7 0, L_000002096be86da0;  1 drivers
L_000002096be26988 .functor BUFT 1, C4<00000000>, C4<0>, C4<0>, C4<0>;
v000002096be16ff0_0 .net/2u *"_ivl_124", 7 0, L_000002096be26988;  1 drivers
v000002096be17770_0 .net *"_ivl_126", 15 0, L_000002096be86760;  1 drivers
L_000002096be269d0 .functor BUFT 1, C4<0000000011111111>, C4<0>, C4<0>, C4<0>;
v000002096be16c30_0 .net/2u *"_ivl_128", 15 0, L_000002096be269d0;  1 drivers
v000002096be18f30_0 .net *"_ivl_13", 31 0, L_000002096be83ec0;  1 drivers
v000002096be17310_0 .net *"_ivl_131", 7 0, L_000002096be87700;  1 drivers
v000002096be18710_0 .net *"_ivl_132", 15 0, L_000002096be87ca0;  1 drivers
L_000002096be26a18 .functor BUFT 1, C4<00000000>, C4<0>, C4<0>, C4<0>;
v000002096be17090_0 .net *"_ivl_135", 7 0, L_000002096be26a18;  1 drivers
v000002096be183f0_0 .net *"_ivl_136", 15 0, L_000002096be86620;  1 drivers
v000002096be18210_0 .net *"_ivl_139", 15 0, L_000002096be87ac0;  1 drivers
v000002096be17130_0 .net *"_ivl_14", 31 0, L_000002096be84780;  1 drivers
v000002096be18d50_0 .net *"_ivl_140", 15 0, L_000002096be875c0;  1 drivers
v000002096be18850_0 .net *"_ivl_142", 7 0, L_000002096be86f80;  1 drivers
L_000002096be26a60 .functor BUFT 1, C4<00000000>, C4<0>, C4<0>, C4<0>;
v000002096be16e10_0 .net *"_ivl_144", 7 0, L_000002096be26a60;  1 drivers
v000002096be16f50_0 .net *"_ivl_146", 47 0, L_000002096be873e0;  1 drivers
L_000002096be26430 .functor BUFT 1, C4<0000000000000000000000000000>, C4<0>, C4<0>, C4<0>;
v000002096be18490_0 .net *"_ivl_17", 27 0, L_000002096be26430;  1 drivers
v000002096be16b90_0 .net *"_ivl_18", 31 0, L_000002096be85c20;  1 drivers
v000002096be171d0_0 .net *"_ivl_2", 31 0, L_000002096be84aa0;  1 drivers
v000002096be19110_0 .net *"_ivl_22", 31 0, L_000002096be84820;  1 drivers
L_000002096be26478 .functor BUFT 1, C4<0000000000000000>, C4<0>, C4<0>, C4<0>;
v000002096be17270_0 .net *"_ivl_25", 15 0, L_000002096be26478;  1 drivers
v000002096be17810_0 .net *"_ivl_26", 31 0, L_000002096be85220;  1 drivers
L_000002096be264c0 .functor BUFT 1, C4<0000000000000000000000>, C4<0>, C4<0>, C4<0>;
v000002096be18c10_0 .net *"_ivl_29", 21 0, L_000002096be264c0;  1 drivers
L_000002096be26508 .functor BUFT 1, C4<00000000000000000000000000001010>, C4<0>, C4<0>, C4<0>;
v000002096be191b0_0 .net/2u *"_ivl_30", 31 0, L_000002096be26508;  1 drivers
v000002096be188f0_0 .net *"_ivl_33", 31 0, L_000002096be852c0;  1 drivers
v000002096be18350_0 .net *"_ivl_34", 31 0, L_000002096be84b40;  1 drivers
L_000002096be26550 .functor BUFT 1, C4<0000000000000000000000000000>, C4<0>, C4<0>, C4<0>;
v000002096be18df0_0 .net *"_ivl_37", 27 0, L_000002096be26550;  1 drivers
v000002096be173b0_0 .net *"_ivl_38", 31 0, L_000002096be85680;  1 drivers
v000002096be18ad0_0 .net *"_ivl_44", 23 0, L_000002096be84000;  1 drivers
v000002096be18b70_0 .net *"_ivl_46", 8 0, L_000002096be85b80;  1 drivers
L_000002096be26598 .functor BUFT 1, C4<00000>, C4<0>, C4<0>, C4<0>;
v000002096be17b30_0 .net *"_ivl_49", 4 0, L_000002096be26598;  1 drivers
L_000002096be26358 .functor BUFT 1, C4<0000000000000000>, C4<0>, C4<0>, C4<0>;
v000002096be18e90_0 .net *"_ivl_5", 15 0, L_000002096be26358;  1 drivers
v000002096be17450_0 .net *"_ivl_50", 12 0, L_000002096be84c80;  1 drivers
L_000002096be265e0 .functor BUFT 1, C4<0000>, C4<0>, C4<0>, C4<0>;
v000002096be17950_0 .net *"_ivl_53", 3 0, L_000002096be265e0;  1 drivers
L_000002096be26628 .functor BUFT 1, C4<0000000001010>, C4<0>, C4<0>, C4<0>;
v000002096be17c70_0 .net/2u *"_ivl_54", 12 0, L_000002096be26628;  1 drivers
v000002096be174f0_0 .net *"_ivl_57", 12 0, L_000002096be84f00;  1 drivers
v000002096be187b0_0 .net *"_ivl_58", 4 0, L_000002096be83c40;  1 drivers
v000002096be179f0_0 .net *"_ivl_6", 31 0, L_000002096be83ba0;  1 drivers
L_000002096be26670 .functor BUFT 1, C4<0>, C4<0>, C4<0>, C4<0>;
v000002096be180d0_0 .net *"_ivl_61", 0 0, L_000002096be26670;  1 drivers
L_000002096be266b8 .functor BUFT 1, C4<0>, C4<0>, C4<0>, C4<0>;
v000002096be17630_0 .net *"_ivl_64", 0 0, L_000002096be266b8;  1 drivers
v000002096be178b0_0 .net *"_ivl_65", 13 0, L_000002096be83f60;  1 drivers
L_000002096be26700 .functor BUFT 1, C4<000000000>, C4<0>, C4<0>, C4<0>;
v000002096be17bd0_0 .net *"_ivl_68", 8 0, L_000002096be26700;  1 drivers
v000002096be176d0_0 .net *"_ivl_69", 13 0, L_000002096be86260;  1 drivers
v000002096be16cd0_0 .net *"_ivl_70", 13 0, L_000002096be866c0;  1 drivers
v000002096be17d10_0 .net *"_ivl_75", 7 0, L_000002096be87980;  1 drivers
L_000002096be26748 .functor BUFT 1, C4<00000000>, C4<0>, C4<0>, C4<0>;
v000002096be17db0_0 .net/2u *"_ivl_76", 7 0, L_000002096be26748;  1 drivers
v000002096be17e50_0 .net *"_ivl_78", 15 0, L_000002096be87660;  1 drivers
L_000002096be26790 .functor BUFT 1, C4<0000000011111111>, C4<0>, C4<0>, C4<0>;
v000002096be18530_0 .net/2u *"_ivl_80", 15 0, L_000002096be26790;  1 drivers
v000002096be17590_0 .net *"_ivl_83", 7 0, L_000002096be877a0;  1 drivers
v000002096be19250_0 .net *"_ivl_84", 15 0, L_000002096be87840;  1 drivers
L_000002096be267d8 .functor BUFT 1, C4<00000000>, C4<0>, C4<0>, C4<0>;
v000002096be17ef0_0 .net *"_ivl_87", 7 0, L_000002096be267d8;  1 drivers
v000002096be18fd0_0 .net *"_ivl_88", 15 0, L_000002096be86940;  1 drivers
L_000002096be263a0 .functor BUFT 1, C4<0000000000000000000000>, C4<0>, C4<0>, C4<0>;
v000002096be185d0_0 .net *"_ivl_9", 21 0, L_000002096be263a0;  1 drivers
v000002096be19070_0 .net *"_ivl_91", 15 0, L_000002096be870c0;  1 drivers
v000002096be17f90_0 .net *"_ivl_92", 15 0, L_000002096be87e80;  1 drivers
v000002096be18030_0 .net *"_ivl_94", 7 0, L_000002096be88100;  1 drivers
L_000002096be26820 .functor BUFT 1, C4<00000000>, C4<0>, C4<0>, C4<0>;
v000002096be18170_0 .net *"_ivl_96", 7 0, L_000002096be26820;  1 drivers
v000002096be18670_0 .net *"_ivl_99", 7 0, L_000002096be87b60;  1 drivers
v000002096be19b10_0 .net "can_process", 0 0, L_000002096be89c10;  1 drivers
v000002096be19c50_0 .net "can_process_x", 0 0, L_000002096be855e0;  1 drivers
v000002096be19610_0 .net "can_process_y", 0 0, L_000002096be85900;  1 drivers
v000002096be1a3d0 .array "colors", 99 0, 23 0;
v000002096be1a330_0 .net "current", 23 0, L_000002096be8b420;  1 drivers
v000002096be19390_0 .net "current_with_alpha", 23 0, L_000002096be861c0;  1 drivers
v000002096be1a830_0 .net "i_clear", 0 0, v000002096be1b2d0_0;  alias, 1 drivers
v000002096be1a470_0 .net "i_clear_color", 23 0, v000002096be1d5d0_0;  alias, 1 drivers
v000002096be1a150_0 .net "i_clock", 0 0, o000002096bdb0ec8;  alias, 0 drivers
v000002096be1a790_0 .net "i_draw_sprite", 0 0, v000002096be1b550_0;  alias, 1 drivers
v000002096be1a1f0_0 .net "i_enable", 0 0, o000002096bdb0f28;  alias, 0 drivers
v000002096be1a510_0 .net "i_get_color", 0 0, v000002096be1b730_0;  alias, 1 drivers
v000002096be19cf0_0 .net "i_process_x", 3 0, v000002096be21560_0;  alias, 1 drivers
v000002096be19430_0 .net "i_process_y", 3 0, v000002096be21060_0;  alias, 1 drivers
v000002096be1a290_0 .net "i_sprite_color", 31 0, v000002096be1f0b0_0;  alias, 1 drivers
v000002096be1a5b0_0 .net "i_sprite_x", 15 0, v000002096be1f010_0;  alias, 1 drivers
v000002096be19ed0_0 .net "i_sprite_y", 15 0, v000002096be1e9d0_0;  alias, 1 drivers
v000002096be199d0_0 .net "o_color_data", 23 0, L_000002096be8a380;  alias, 1 drivers
v000002096be19570_0 .var "output_color", 23 0;
v000002096be1a8d0_0 .net "tile_x", 9 0, L_000002096be86440;  1 drivers
v000002096be19f70_0 .net "tile_y", 9 0, L_000002096be86d00;  1 drivers
L_000002096be84aa0 .concat [ 16 16 0 0], v000002096be1f010_0, L_000002096be26358;
L_000002096be83ba0 .concat [ 10 22 0 0], L_000002096be86440, L_000002096be263a0;
L_000002096be83ec0 .arith/mult 32, L_000002096be83ba0, L_000002096be263e8;
L_000002096be84780 .concat [ 4 28 0 0], v000002096be21560_0, L_000002096be26430;
L_000002096be85c20 .arith/sum 32, L_000002096be83ec0, L_000002096be84780;
L_000002096be855e0 .cmp/gt 32, L_000002096be85c20, L_000002096be84aa0;
L_000002096be84820 .concat [ 16 16 0 0], v000002096be1e9d0_0, L_000002096be26478;
L_000002096be85220 .concat [ 10 22 0 0], L_000002096be86d00, L_000002096be264c0;
L_000002096be852c0 .arith/mult 32, L_000002096be85220, L_000002096be26508;
L_000002096be84b40 .concat [ 4 28 0 0], v000002096be21060_0, L_000002096be26550;
L_000002096be85680 .arith/sum 32, L_000002096be852c0, L_000002096be84b40;
L_000002096be85900 .cmp/gt 32, L_000002096be85680, L_000002096be84820;
L_000002096be84000 .array/port v000002096be1a3d0, L_000002096be866c0;
L_000002096be85b80 .concat [ 4 5 0 0], v000002096be21560_0, L_000002096be26598;
L_000002096be84c80 .concat [ 9 4 0 0], L_000002096be85b80, L_000002096be265e0;
L_000002096be84f00 .arith/mult 13, L_000002096be84c80, L_000002096be26628;
L_000002096be83c40 .concat [ 4 1 0 0], v000002096be21060_0, L_000002096be26670;
L_000002096be83f60 .concat [ 13 1 0 0], L_000002096be84f00, L_000002096be266b8;
L_000002096be86260 .concat [ 5 9 0 0], L_000002096be83c40, L_000002096be26700;
L_000002096be866c0 .arith/sum 14, L_000002096be83f60, L_000002096be86260;
L_000002096be87980 .part L_000002096be8b420, 16, 8;
L_000002096be87660 .concat [ 8 8 0 0], L_000002096be26748, L_000002096be87980;
L_000002096be877a0 .part v000002096be1f0b0_0, 0, 8;
L_000002096be87840 .concat [ 8 8 0 0], L_000002096be877a0, L_000002096be267d8;
L_000002096be86940 .arith/sub 16, L_000002096be26790, L_000002096be87840;
L_000002096be870c0 .arith/mult 16, L_000002096be87660, L_000002096be86940;
L_000002096be88100 .part L_000002096be870c0, 8, 8;
L_000002096be87e80 .concat [ 8 8 0 0], L_000002096be88100, L_000002096be26820;
L_000002096be87b60 .part L_000002096be8b420, 8, 8;
L_000002096be87160 .concat [ 8 8 0 0], L_000002096be26868, L_000002096be87b60;
L_000002096be87520 .part v000002096be1f0b0_0, 0, 8;
L_000002096be878e0 .concat [ 8 8 0 0], L_000002096be87520, L_000002096be268f8;
L_000002096be85f40 .arith/sub 16, L_000002096be268b0, L_000002096be878e0;
L_000002096be87a20 .arith/mult 16, L_000002096be87160, L_000002096be85f40;
L_000002096be863a0 .part L_000002096be87a20, 8, 8;
L_000002096be85e00 .concat [ 8 8 0 0], L_000002096be863a0, L_000002096be26940;
L_000002096be86da0 .part L_000002096be8b420, 0, 8;
L_000002096be86760 .concat [ 8 8 0 0], L_000002096be26988, L_000002096be86da0;
L_000002096be87700 .part v000002096be1f0b0_0, 0, 8;
L_000002096be87ca0 .concat [ 8 8 0 0], L_000002096be87700, L_000002096be26a18;
L_000002096be86620 .arith/sub 16, L_000002096be269d0, L_000002096be87ca0;
L_000002096be87ac0 .arith/mult 16, L_000002096be86760, L_000002096be86620;
L_000002096be86f80 .part L_000002096be87ac0, 8, 8;
L_000002096be875c0 .concat [ 8 8 0 0], L_000002096be86f80, L_000002096be26a60;
L_000002096be873e0 .concat [ 16 16 16 0], L_000002096be875c0, L_000002096be85e00, L_000002096be87e80;
L_000002096be861c0 .part L_000002096be873e0, 0, 24;
    .scope S_000002096bd02110;
T_0 ;
    %wait E_000002096bd9e840;
    %load/vec4 v000002096be0e790_0;
    %flag_set/vec4 8;
    %jmp/0xz  T_0.0, 8;
    %load/vec4 v000002096be0d070_0;
    %flag_set/vec4 8;
    %jmp/0xz  T_0.2, 8;
    %load/vec4 v000002096be0d110_0;
    %pad/u 9;
    %pad/u 13;
    %muli 10, 0, 13;
    %pad/u 14;
    %load/vec4 v000002096be0d570_0;
    %pad/u 5;
    %pad/u 14;
    %add;
    %ix/vec4 4;
    %load/vec4a v000002096be0c0a0, 4;
    %assign/vec4 v000002096be0d250_0, 0;
    %jmp T_0.3;
T_0.2 ;
    %load/vec4 v000002096be0d430_0;
    %load/vec4 v000002096be0bd80_0;
    %and;
    %flag_set/vec4 8;
    %jmp/0xz  T_0.4, 8;
    %load/vec4 v000002096be0da70_0;
    %parti/u 8, 16, 32;
    %load/vec4 v000002096be0ebf0_0;
    %parti/u 8, 24, 32;
    %add;
    %load/vec4 v000002096be0da70_0;
    %parti/u 8, 8, 32;
    %load/vec4 v000002096be0ebf0_0;
    %parti/u 8, 16, 32;
    %add;
    %concat/vec4; draw_concat_vec4
    %load/vec4 v000002096be0da70_0;
    %parti/u 8, 0, 32;
    %load/vec4 v000002096be0ebf0_0;
    %parti/u 8, 8, 32;
    %add;
    %concat/vec4; draw_concat_vec4
    %load/vec4 v000002096be0d110_0;
    %pad/u 9;
    %pad/u 13;
    %muli 10, 0, 13;
    %pad/u 14;
    %load/vec4 v000002096be0d570_0;
    %pad/u 5;
    %pad/u 14;
    %add;
    %ix/vec4 3;
    %ix/load 4, 0, 0; Constant delay
    %assign/vec4/a/d v000002096be0c0a0, 0, 4;
    %jmp T_0.5;
T_0.4 ;
    %load/vec4 v000002096be0e3d0_0;
    %flag_set/vec4 8;
    %jmp/0xz  T_0.6, 8;
    %load/vec4 v000002096be0ea10_0;
    %load/vec4 v000002096be0d110_0;
    %pad/u 9;
    %pad/u 13;
    %muli 10, 0, 13;
    %pad/u 14;
    %load/vec4 v000002096be0d570_0;
    %pad/u 5;
    %pad/u 14;
    %add;
    %ix/vec4 3;
    %ix/load 4, 0, 0; Constant delay
    %assign/vec4/a/d v000002096be0c0a0, 0, 4;
T_0.6 ;
T_0.5 ;
T_0.3 ;
T_0.0 ;
    %jmp T_0;
    .thread T_0;
    .scope S_000002096bd02390;
T_1 ;
    %wait E_000002096bd9e840;
    %load/vec4 v000002096be10ac0_0;
    %flag_set/vec4 8;
    %jmp/0xz  T_1.0, 8;
    %load/vec4 v000002096be10b60_0;
    %flag_set/vec4 8;
    %jmp/0xz  T_1.2, 8;
    %load/vec4 v000002096be10c00_0;
    %pad/u 9;
    %pad/u 13;
    %muli 10, 0, 13;
    %pad/u 14;
    %load/vec4 v000002096be0f1c0_0;
    %pad/u 5;
    %pad/u 14;
    %add;
    %ix/vec4 4;
    %load/vec4a v000002096be10f20, 4;
    %assign/vec4 v000002096be11ff0_0, 0;
    %jmp T_1.3;
T_1.2 ;
    %load/vec4 v000002096be10a20_0;
    %load/vec4 v000002096be0f440_0;
    %and;
    %flag_set/vec4 8;
    %jmp/0xz  T_1.4, 8;
    %load/vec4 v000002096be108e0_0;
    %parti/u 8, 16, 32;
    %load/vec4 v000002096be0f260_0;
    %parti/u 8, 24, 32;
    %add;
    %load/vec4 v000002096be108e0_0;
    %parti/u 8, 8, 32;
    %load/vec4 v000002096be0f260_0;
    %parti/u 8, 16, 32;
    %add;
    %concat/vec4; draw_concat_vec4
    %load/vec4 v000002096be108e0_0;
    %parti/u 8, 0, 32;
    %load/vec4 v000002096be0f260_0;
    %parti/u 8, 8, 32;
    %add;
    %concat/vec4; draw_concat_vec4
    %load/vec4 v000002096be10c00_0;
    %pad/u 9;
    %pad/u 13;
    %muli 10, 0, 13;
    %pad/u 14;
    %load/vec4 v000002096be0f1c0_0;
    %pad/u 5;
    %pad/u 14;
    %add;
    %ix/vec4 3;
    %ix/load 4, 0, 0; Constant delay
    %assign/vec4/a/d v000002096be10f20, 0, 4;
    %jmp T_1.5;
T_1.4 ;
    %load/vec4 v000002096be0ff80_0;
    %flag_set/vec4 8;
    %jmp/0xz  T_1.6, 8;
    %load/vec4 v000002096be0f120_0;
    %load/vec4 v000002096be10c00_0;
    %pad/u 9;
    %pad/u 13;
    %muli 10, 0, 13;
    %pad/u 14;
    %load/vec4 v000002096be0f1c0_0;
    %pad/u 5;
    %pad/u 14;
    %add;
    %ix/vec4 3;
    %ix/load 4, 0, 0; Constant delay
    %assign/vec4/a/d v000002096be10f20, 0, 4;
T_1.6 ;
T_1.5 ;
T_1.3 ;
T_1.0 ;
    %jmp T_1;
    .thread T_1;
    .scope S_000002096bdaed00;
T_2 ;
    %wait E_000002096bd9e840;
    %load/vec4 v000002096be13df0_0;
    %flag_set/vec4 8;
    %jmp/0xz  T_2.0, 8;
    %load/vec4 v000002096be149d0_0;
    %flag_set/vec4 8;
    %jmp/0xz  T_2.2, 8;
    %load/vec4 v000002096be14f70_0;
    %pad/u 9;
    %pad/u 13;
    %muli 10, 0, 13;
    %pad/u 14;
    %load/vec4 v000002096be14b10_0;
    %pad/u 5;
    %pad/u 14;
    %add;
    %ix/vec4 4;
    %load/vec4a v000002096be15290, 4;
    %assign/vec4 v000002096be14c50_0, 0;
    %jmp T_2.3;
T_2.2 ;
    %load/vec4 v000002096be15330_0;
    %load/vec4 v000002096be14a70_0;
    %and;
    %flag_set/vec4 8;
    %jmp/0xz  T_2.4, 8;
    %load/vec4 v000002096be151f0_0;
    %parti/u 8, 16, 32;
    %load/vec4 v000002096be14bb0_0;
    %parti/u 8, 24, 32;
    %add;
    %load/vec4 v000002096be151f0_0;
    %parti/u 8, 8, 32;
    %load/vec4 v000002096be14bb0_0;
    %parti/u 8, 16, 32;
    %add;
    %concat/vec4; draw_concat_vec4
    %load/vec4 v000002096be151f0_0;
    %parti/u 8, 0, 32;
    %load/vec4 v000002096be14bb0_0;
    %parti/u 8, 8, 32;
    %add;
    %concat/vec4; draw_concat_vec4
    %load/vec4 v000002096be14f70_0;
    %pad/u 9;
    %pad/u 13;
    %muli 10, 0, 13;
    %pad/u 14;
    %load/vec4 v000002096be14b10_0;
    %pad/u 5;
    %pad/u 14;
    %add;
    %ix/vec4 3;
    %ix/load 4, 0, 0; Constant delay
    %assign/vec4/a/d v000002096be15290, 0, 4;
    %jmp T_2.5;
T_2.4 ;
    %load/vec4 v000002096be15010_0;
    %flag_set/vec4 8;
    %jmp/0xz  T_2.6, 8;
    %load/vec4 v000002096be14890_0;
    %load/vec4 v000002096be14f70_0;
    %pad/u 9;
    %pad/u 13;
    %muli 10, 0, 13;
    %pad/u 14;
    %load/vec4 v000002096be14b10_0;
    %pad/u 5;
    %pad/u 14;
    %add;
    %ix/vec4 3;
    %ix/load 4, 0, 0; Constant delay
    %assign/vec4/a/d v000002096be15290, 0, 4;
T_2.6 ;
T_2.5 ;
T_2.3 ;
T_2.0 ;
    %jmp T_2;
    .thread T_2;
    .scope S_000002096be16470;
T_3 ;
    %wait E_000002096bd9e840;
    %load/vec4 v000002096be1a1f0_0;
    %flag_set/vec4 8;
    %jmp/0xz  T_3.0, 8;
    %load/vec4 v000002096be1a510_0;
    %flag_set/vec4 8;
    %jmp/0xz  T_3.2, 8;
    %load/vec4 v000002096be19cf0_0;
    %pad/u 9;
    %pad/u 13;
    %muli 10, 0, 13;
    %pad/u 14;
    %load/vec4 v000002096be19430_0;
    %pad/u 5;
    %pad/u 14;
    %add;
    %ix/vec4 4;
    %load/vec4a v000002096be1a3d0, 4;
    %assign/vec4 v000002096be19570_0, 0;
    %jmp T_3.3;
T_3.2 ;
    %load/vec4 v000002096be1a790_0;
    %load/vec4 v000002096be19b10_0;
    %and;
    %flag_set/vec4 8;
    %jmp/0xz  T_3.4, 8;
    %load/vec4 v000002096be19390_0;
    %parti/u 8, 16, 32;
    %load/vec4 v000002096be1a290_0;
    %parti/u 8, 24, 32;
    %add;
    %load/vec4 v000002096be19390_0;
    %parti/u 8, 8, 32;
    %load/vec4 v000002096be1a290_0;
    %parti/u 8, 16, 32;
    %add;
    %concat/vec4; draw_concat_vec4
    %load/vec4 v000002096be19390_0;
    %parti/u 8, 0, 32;
    %load/vec4 v000002096be1a290_0;
    %parti/u 8, 8, 32;
    %add;
    %concat/vec4; draw_concat_vec4
    %load/vec4 v000002096be19cf0_0;
    %pad/u 9;
    %pad/u 13;
    %muli 10, 0, 13;
    %pad/u 14;
    %load/vec4 v000002096be19430_0;
    %pad/u 5;
    %pad/u 14;
    %add;
    %ix/vec4 3;
    %ix/load 4, 0, 0; Constant delay
    %assign/vec4/a/d v000002096be1a3d0, 0, 4;
    %jmp T_3.5;
T_3.4 ;
    %load/vec4 v000002096be1a830_0;
    %flag_set/vec4 8;
    %jmp/0xz  T_3.6, 8;
    %load/vec4 v000002096be1a470_0;
    %load/vec4 v000002096be19cf0_0;
    %pad/u 9;
    %pad/u 13;
    %muli 10, 0, 13;
    %pad/u 14;
    %load/vec4 v000002096be19430_0;
    %pad/u 5;
    %pad/u 14;
    %add;
    %ix/vec4 3;
    %ix/load 4, 0, 0; Constant delay
    %assign/vec4/a/d v000002096be1a3d0, 0, 4;
T_3.6 ;
T_3.5 ;
T_3.3 ;
T_3.0 ;
    %jmp T_3;
    .thread T_3;
    .scope S_000002096bcf6ed0;
T_4 ;
    %wait E_000002096bd9bfc0;
    %load/vec4 v000002096be1bff0_0;
    %flag_set/vec4 8;
    %jmp/0xz  T_4.0, 8;
    %pushi/vec4 0, 0, 1;
    %assign/vec4 v000002096be1e7f0_0, 0;
    %pushi/vec4 0, 0, 1;
    %assign/vec4 v000002096be1e250_0, 0;
    %pushi/vec4 0, 0, 1;
    %assign/vec4 v000002096be1e070_0, 0;
    %pushi/vec4 0, 0, 3;
    %assign/vec4 v000002096be1e1b0_0, 0;
    %pushi/vec4 0, 0, 4;
    %assign/vec4 v000002096be1e2f0_0, 0;
    %jmp T_4.1;
T_4.0 ;
    %load/vec4 v000002096be1bc30_0;
    %flag_set/vec4 8;
    %jmp/0xz  T_4.2, 8;
    %load/vec4 v000002096be1e1b0_0;
    %dup/vec4;
    %pushi/vec4 0, 0, 3;
    %cmp/u;
    %jmp/1 T_4.4, 6;
    %dup/vec4;
    %pushi/vec4 1, 0, 3;
    %cmp/u;
    %jmp/1 T_4.5, 6;
    %dup/vec4;
    %pushi/vec4 2, 0, 3;
    %cmp/u;
    %jmp/1 T_4.6, 6;
    %jmp T_4.7;
T_4.4 ;
    %load/vec4 v000002096be1c090_0;
    %flag_set/vec4 8;
    %jmp/0xz  T_4.8, 8;
    %pushi/vec4 512, 0, 32;
    %assign/vec4 v000002096be1dc10_0, 0;
    %pushi/vec4 1, 0, 1;
    %assign/vec4 v000002096be1e7f0_0, 0;
    %pushi/vec4 1, 0, 3;
    %assign/vec4 v000002096be1e1b0_0, 0;
T_4.8 ;
    %jmp T_4.7;
T_4.5 ;
    %load/vec4 v000002096be1e2f0_0;
    %dup/vec4;
    %pushi/vec4 0, 0, 4;
    %cmp/u;
    %jmp/1 T_4.10, 6;
    %dup/vec4;
    %pushi/vec4 1, 0, 4;
    %cmp/u;
    %jmp/1 T_4.11, 6;
    %dup/vec4;
    %pushi/vec4 2, 0, 4;
    %cmp/u;
    %jmp/1 T_4.12, 6;
    %dup/vec4;
    %pushi/vec4 3, 0, 4;
    %cmp/u;
    %jmp/1 T_4.13, 6;
    %dup/vec4;
    %pushi/vec4 4, 0, 4;
    %cmp/u;
    %jmp/1 T_4.14, 6;
    %dup/vec4;
    %pushi/vec4 5, 0, 4;
    %cmp/u;
    %jmp/1 T_4.15, 6;
    %dup/vec4;
    %pushi/vec4 6, 0, 4;
    %cmp/u;
    %jmp/1 T_4.16, 6;
    %dup/vec4;
    %pushi/vec4 7, 0, 4;
    %cmp/u;
    %jmp/1 T_4.17, 6;
    %dup/vec4;
    %pushi/vec4 8, 0, 4;
    %cmp/u;
    %jmp/1 T_4.18, 6;
    %dup/vec4;
    %pushi/vec4 9, 0, 4;
    %cmp/u;
    %jmp/1 T_4.19, 6;
    %dup/vec4;
    %pushi/vec4 10, 0, 4;
    %cmp/u;
    %jmp/1 T_4.20, 6;
    %dup/vec4;
    %pushi/vec4 11, 0, 4;
    %cmp/u;
    %jmp/1 T_4.21, 6;
    %jmp T_4.22;
T_4.10 ;
    %load/vec4 v000002096be1bd70_0;
    %concati/vec4 0, 0, 8;
    %ix/load 4, 80, 0;
    %ix/load 5, 0, 0;
    %flag_set/imm 4, 0;
    %assign/vec4/off/d v000002096be1ecf0_0, 4, 5;
    %jmp T_4.22;
T_4.11 ;
    %load/vec4 v000002096be1ecf0_0;
    %parti/u 8, 88, 32;
    %load/vec4 v000002096be1bd70_0;
    %concat/vec4; draw_concat_vec4
    %ix/load 4, 80, 0;
    %ix/load 5, 0, 0;
    %flag_set/imm 4, 0;
    %assign/vec4/off/d v000002096be1ecf0_0, 4, 5;
    %jmp T_4.22;
T_4.12 ;
    %load/vec4 v000002096be1bd70_0;
    %concati/vec4 0, 0, 8;
    %ix/load 4, 64, 0;
    %ix/load 5, 0, 0;
    %flag_set/imm 4, 0;
    %assign/vec4/off/d v000002096be1ecf0_0, 4, 5;
    %jmp T_4.22;
T_4.13 ;
    %load/vec4 v000002096be1ecf0_0;
    %parti/u 8, 72, 32;
    %load/vec4 v000002096be1bd70_0;
    %concat/vec4; draw_concat_vec4
    %ix/load 4, 64, 0;
    %ix/load 5, 0, 0;
    %flag_set/imm 4, 0;
    %assign/vec4/off/d v000002096be1ecf0_0, 4, 5;
    %jmp T_4.22;
T_4.14 ;
    %load/vec4 v000002096be1bd70_0;
    %concati/vec4 0, 0, 8;
    %ix/load 4, 48, 0;
    %ix/load 5, 0, 0;
    %flag_set/imm 4, 0;
    %assign/vec4/off/d v000002096be1ecf0_0, 4, 5;
    %jmp T_4.22;
T_4.15 ;
    %load/vec4 v000002096be1ecf0_0;
    %parti/u 16, 48, 32;
    %load/vec4 v000002096be1bd70_0;
    %concat/vec4; draw_concat_vec4
    %pad/u 16;
    %ix/load 4, 48, 0;
    %ix/load 5, 0, 0;
    %flag_set/imm 4, 0;
    %assign/vec4/off/d v000002096be1ecf0_0, 4, 5;
    %jmp T_4.22;
T_4.16 ;
    %load/vec4 v000002096be1bd70_0;
    %concati/vec4 0, 0, 8;
    %ix/load 4, 16, 0;
    %ix/load 5, 0, 0;
    %flag_set/imm 4, 0;
    %assign/vec4/off/d v000002096be1ecf0_0, 4, 5;
    %jmp T_4.22;
T_4.17 ;
    %load/vec4 v000002096be1ecf0_0;
    %parti/u 16, 16, 32;
    %load/vec4 v000002096be1bd70_0;
    %concat/vec4; draw_concat_vec4
    %pad/u 16;
    %ix/load 4, 16, 0;
    %ix/load 5, 0, 0;
    %flag_set/imm 4, 0;
    %assign/vec4/off/d v000002096be1ecf0_0, 4, 5;
    %jmp T_4.22;
T_4.18 ;
    %load/vec4 v000002096be1bd70_0;
    %concati/vec4 0, 0, 8;
    %ix/load 4, 32, 0;
    %ix/load 5, 0, 0;
    %flag_set/imm 4, 0;
    %assign/vec4/off/d v000002096be1ecf0_0, 4, 5;
    %jmp T_4.22;
T_4.19 ;
    %load/vec4 v000002096be1ecf0_0;
    %parti/u 16, 32, 32;
    %load/vec4 v000002096be1bd70_0;
    %concat/vec4; draw_concat_vec4
    %pad/u 16;
    %ix/load 4, 32, 0;
    %ix/load 5, 0, 0;
    %flag_set/imm 4, 0;
    %assign/vec4/off/d v000002096be1ecf0_0, 4, 5;
    %jmp T_4.22;
T_4.20 ;
    %load/vec4 v000002096be1bd70_0;
    %concati/vec4 0, 0, 8;
    %ix/load 4, 0, 0;
    %ix/load 5, 0, 0;
    %flag_set/imm 4, 0;
    %assign/vec4/off/d v000002096be1ecf0_0, 4, 5;
    %jmp T_4.22;
T_4.21 ;
    %load/vec4 v000002096be1ecf0_0;
    %parti/u 16, 0, 32;
    %load/vec4 v000002096be1bd70_0;
    %concat/vec4; draw_concat_vec4
    %pad/u 16;
    %ix/load 4, 0, 0;
    %ix/load 5, 0, 0;
    %flag_set/imm 4, 0;
    %assign/vec4/off/d v000002096be1ecf0_0, 4, 5;
    %jmp T_4.22;
T_4.22 ;
    %pop/vec4 1;
    %load/vec4 v000002096be1e2f0_0;
    %pad/u 32;
    %cmpi/e 11, 0, 32;
    %jmp/0xz  T_4.23, 4;
    %pushi/vec4 268, 0, 32;
    %assign/vec4 v000002096be1dc10_0, 0;
    %pushi/vec4 2, 0, 3;
    %assign/vec4 v000002096be1e1b0_0, 0;
    %pushi/vec4 0, 0, 4;
    %assign/vec4 v000002096be1e2f0_0, 0;
    %jmp T_4.24;
T_4.23 ;
    %load/vec4 v000002096be1e2f0_0;
    %addi 1, 0, 4;
    %assign/vec4 v000002096be1e2f0_0, 0;
    %load/vec4 v000002096be1dc10_0;
    %addi 1, 0, 32;
    %assign/vec4 v000002096be1dc10_0, 0;
T_4.24 ;
    %jmp T_4.7;
T_4.6 ;
    %load/vec4 v000002096be1e2f0_0;
    %pad/u 5;
    %dup/vec4;
    %pushi/vec4 0, 0, 5;
    %cmp/u;
    %jmp/1 T_4.25, 6;
    %dup/vec4;
    %pushi/vec4 1, 0, 5;
    %cmp/u;
    %jmp/1 T_4.26, 6;
    %dup/vec4;
    %pushi/vec4 2, 0, 5;
    %cmp/u;
    %jmp/1 T_4.27, 6;
    %dup/vec4;
    %pushi/vec4 3, 0, 5;
    %cmp/u;
    %jmp/1 T_4.28, 6;
    %dup/vec4;
    %pushi/vec4 4, 0, 5;
    %cmp/u;
    %jmp/1 T_4.29, 6;
    %dup/vec4;
    %pushi/vec4 5, 0, 5;
    %cmp/u;
    %jmp/1 T_4.30, 6;
    %dup/vec4;
    %pushi/vec4 6, 0, 5;
    %cmp/u;
    %jmp/1 T_4.31, 6;
    %dup/vec4;
    %pushi/vec4 7, 0, 5;
    %cmp/u;
    %jmp/1 T_4.32, 6;
    %dup/vec4;
    %pushi/vec4 8, 0, 5;
    %cmp/u;
    %jmp/1 T_4.33, 6;
    %dup/vec4;
    %pushi/vec4 9, 0, 5;
    %cmp/u;
    %jmp/1 T_4.34, 6;
    %dup/vec4;
    %pushi/vec4 10, 0, 5;
    %cmp/u;
    %jmp/1 T_4.35, 6;
    %dup/vec4;
    %pushi/vec4 11, 0, 5;
    %cmp/u;
    %jmp/1 T_4.36, 6;
    %dup/vec4;
    %pushi/vec4 12, 0, 5;
    %cmp/u;
    %jmp/1 T_4.37, 6;
    %dup/vec4;
    %pushi/vec4 13, 0, 5;
    %cmp/u;
    %jmp/1 T_4.38, 6;
    %dup/vec4;
    %pushi/vec4 14, 0, 5;
    %cmp/u;
    %jmp/1 T_4.39, 6;
    %dup/vec4;
    %pushi/vec4 15, 0, 5;
    %cmp/u;
    %jmp/1 T_4.40, 6;
    %dup/vec4;
    %pushi/vec4 16, 0, 5;
    %cmp/u;
    %jmp/1 T_4.41, 6;
    %dup/vec4;
    %pushi/vec4 17, 0, 5;
    %cmp/u;
    %jmp/1 T_4.42, 6;
    %dup/vec4;
    %pushi/vec4 18, 0, 5;
    %cmp/u;
    %jmp/1 T_4.43, 6;
    %jmp T_4.44;
T_4.25 ;
    %load/vec4 v000002096be1bd70_0;
    %concati/vec4 0, 0, 24;
    %assign/vec4 v000002096be1e930_0, 0;
    %jmp T_4.44;
T_4.26 ;
    %load/vec4 v000002096be1e930_0;
    %parti/s 8, 24, 6;
    %load/vec4 v000002096be1bd70_0;
    %concat/vec4; draw_concat_vec4
    %concati/vec4 0, 0, 16;
    %assign/vec4 v000002096be1e930_0, 0;
    %jmp T_4.44;
T_4.27 ;
    %load/vec4 v000002096be1e930_0;
    %parti/s 16, 16, 6;
    %load/vec4 v000002096be1bd70_0;
    %concat/vec4; draw_concat_vec4
    %concati/vec4 0, 0, 8;
    %assign/vec4 v000002096be1e930_0, 0;
    %jmp T_4.44;
T_4.28 ;
    %load/vec4 v000002096be1e930_0;
    %parti/s 24, 8, 5;
    %load/vec4 v000002096be1bd70_0;
    %concat/vec4; draw_concat_vec4
    %assign/vec4 v000002096be1e930_0, 0;
    %jmp T_4.44;
T_4.29 ;
    %load/vec4 v000002096be1e930_0;
    %assign/vec4 v000002096be1dc10_0, 0;
    %jmp T_4.44;
T_4.30 ;
    %load/vec4 v000002096be1bd70_0;
    %ix/load 4, 152, 0;
    %ix/load 5, 0, 0;
    %flag_set/imm 4, 0;
    %assign/vec4/off/d v000002096be1e110_0, 4, 5;
    %jmp T_4.44;
T_4.31 ;
    %load/vec4 v000002096be1bd70_0;
    %ix/load 4, 144, 0;
    %ix/load 5, 0, 0;
    %flag_set/imm 4, 0;
    %assign/vec4/off/d v000002096be1e110_0, 4, 5;
    %jmp T_4.44;
T_4.32 ;
    %load/vec4 v000002096be1bd70_0;
    %concati/vec4 0, 0, 8;
    %ix/load 4, 112, 0;
    %ix/load 5, 0, 0;
    %flag_set/imm 4, 0;
    %assign/vec4/off/d v000002096be1e110_0, 4, 5;
    %jmp T_4.44;
T_4.33 ;
    %load/vec4 v000002096be1e110_0;
    %parti/u 16, 112, 32;
    %load/vec4 v000002096be1bd70_0;
    %concat/vec4; draw_concat_vec4
    %pad/u 16;
    %ix/load 4, 112, 0;
    %ix/load 5, 0, 0;
    %flag_set/imm 4, 0;
    %assign/vec4/off/d v000002096be1e110_0, 4, 5;
    %jmp T_4.44;
T_4.34 ;
    %load/vec4 v000002096be1bd70_0;
    %concati/vec4 0, 0, 8;
    %ix/load 4, 96, 0;
    %ix/load 5, 0, 0;
    %flag_set/imm 4, 0;
    %assign/vec4/off/d v000002096be1e110_0, 4, 5;
    %jmp T_4.44;
T_4.35 ;
    %load/vec4 v000002096be1e110_0;
    %parti/u 16, 96, 32;
    %load/vec4 v000002096be1bd70_0;
    %concat/vec4; draw_concat_vec4
    %pad/u 16;
    %ix/load 4, 96, 0;
    %ix/load 5, 0, 0;
    %flag_set/imm 4, 0;
    %assign/vec4/off/d v000002096be1e110_0, 4, 5;
    %jmp T_4.44;
T_4.36 ;
    %load/vec4 v000002096be1bd70_0;
    %concati/vec4 0, 0, 8;
    %ix/load 4, 80, 0;
    %ix/load 5, 0, 0;
    %flag_set/imm 4, 0;
    %assign/vec4/off/d v000002096be1e110_0, 4, 5;
    %jmp T_4.44;
T_4.37 ;
    %load/vec4 v000002096be1e110_0;
    %parti/u 16, 80, 32;
    %load/vec4 v000002096be1bd70_0;
    %concat/vec4; draw_concat_vec4
    %pad/u 16;
    %ix/load 4, 80, 0;
    %ix/load 5, 0, 0;
    %flag_set/imm 4, 0;
    %assign/vec4/off/d v000002096be1e110_0, 4, 5;
    %jmp T_4.44;
T_4.38 ;
    %load/vec4 v000002096be1bd70_0;
    %concati/vec4 0, 0, 8;
    %ix/load 4, 48, 0;
    %ix/load 5, 0, 0;
    %flag_set/imm 4, 0;
    %assign/vec4/off/d v000002096be1e110_0, 4, 5;
    %jmp T_4.44;
T_4.39 ;
    %load/vec4 v000002096be1e110_0;
    %parti/u 16, 48, 32;
    %load/vec4 v000002096be1bd70_0;
    %concat/vec4; draw_concat_vec4
    %pad/u 16;
    %ix/load 4, 48, 0;
    %ix/load 5, 0, 0;
    %flag_set/imm 4, 0;
    %assign/vec4/off/d v000002096be1e110_0, 4, 5;
    %jmp T_4.44;
T_4.40 ;
    %load/vec4 v000002096be1bd70_0;
    %concati/vec4 0, 0, 8;
    %ix/load 4, 64, 0;
    %ix/load 5, 0, 0;
    %flag_set/imm 4, 0;
    %assign/vec4/off/d v000002096be1e110_0, 4, 5;
    %jmp T_4.44;
T_4.41 ;
    %load/vec4 v000002096be1e110_0;
    %parti/u 16, 64, 32;
    %load/vec4 v000002096be1bd70_0;
    %concat/vec4; draw_concat_vec4
    %pad/u 16;
    %ix/load 4, 64, 0;
    %ix/load 5, 0, 0;
    %flag_set/imm 4, 0;
    %assign/vec4/off/d v000002096be1e110_0, 4, 5;
    %jmp T_4.44;
T_4.42 ;
    %load/vec4 v000002096be1bd70_0;
    %concati/vec4 0, 0, 8;
    %ix/load 4, 32, 0;
    %ix/load 5, 0, 0;
    %flag_set/imm 4, 0;
    %assign/vec4/off/d v000002096be1e110_0, 4, 5;
    %jmp T_4.44;
T_4.43 ;
    %load/vec4 v000002096be1e110_0;
    %parti/u 16, 32, 32;
    %load/vec4 v000002096be1bd70_0;
    %concat/vec4; draw_concat_vec4
    %pad/u 16;
    %ix/load 4, 32, 0;
    %ix/load 5, 0, 0;
    %flag_set/imm 4, 0;
    %assign/vec4/off/d v000002096be1e110_0, 4, 5;
    %jmp T_4.44;
T_4.44 ;
    %pop/vec4 1;
    %jmp T_4.7;
T_4.7 ;
    %pop/vec4 1;
T_4.2 ;
T_4.1 ;
    %jmp T_4;
    .thread T_4;
# The file index is used to find the file name in the following table.
:file_names 5;
    "N/A";
    "<interactive>";
    "-";
    ".\rtl\PPU.sv";
    "rtl/SPU.sv";
